<?xml version="1.0" encoding="UTF-8"?>
<testsuite name="wooteco.subway.line.LineAcceptanceTest" tests="7" skipped="0" failures="0" errors="0" timestamp="2021-06-04T14:12:40" hostname="Hyeon9makui-MacBook-Pro.local" time="5.052">
  <properties/>
  <testcase name="findLinesWithStationsAndTotalDistance()" classname="wooteco.subway.line.LineAcceptanceTest" time="0.74"/>
  <testcase name="updateLine()" classname="wooteco.subway.line.LineAcceptanceTest" time="0.972"/>
  <testcase name="getLine()" classname="wooteco.subway.line.LineAcceptanceTest" time="0.846"/>
  <testcase name="findLineMapResponses()" classname="wooteco.subway.line.LineAcceptanceTest" time="0.684"/>
  <testcase name="createLineWithDuplicateName()" classname="wooteco.subway.line.LineAcceptanceTest" time="0.623"/>
  <testcase name="createLine()" classname="wooteco.subway.line.LineAcceptanceTest" time="0.552"/>
  <testcase name="deleteLine()" classname="wooteco.subway.line.LineAcceptanceTest" time="0.627"/>
  <system-out><![CDATA[2021-06-04 23:12:40.834  INFO 48164 --- [    Test worker] .b.t.c.SpringBootTestContextBootstrapper : Neither @ContextConfiguration nor @ContextHierarchy found for test class [wooteco.subway.line.LineAcceptanceTest], using SpringBootContextLoader
2021-06-04 23:12:40.835  INFO 48164 --- [    Test worker] o.s.t.c.support.AbstractContextLoader    : Could not detect default resource locations for test class [wooteco.subway.line.LineAcceptanceTest]: no resource found for suffixes {-context.xml, Context.groovy}.
2021-06-04 23:12:40.835  INFO 48164 --- [    Test worker] t.c.s.AnnotationConfigContextLoaderUtils : Could not detect default configuration classes for test class [wooteco.subway.line.LineAcceptanceTest]: LineAcceptanceTest does not declare any static, non-private, non-final, nested classes annotated with @Configuration.
2021-06-04 23:12:40.836  INFO 48164 --- [    Test worker] .b.t.c.SpringBootTestContextBootstrapper : Found @SpringBootConfiguration wooteco.subway.SubwayApplication for test class wooteco.subway.line.LineAcceptanceTest
2021-06-04 23:12:40.837  INFO 48164 --- [    Test worker] .b.t.c.SpringBootTestContextBootstrapper : Loaded default TestExecutionListener class names from location [META-INF/spring.factories]: [org.springframework.boot.test.autoconfigure.restdocs.RestDocsTestExecutionListener, org.springframework.boot.test.autoconfigure.web.client.MockRestServiceServerResetTestExecutionListener, org.springframework.boot.test.autoconfigure.web.servlet.MockMvcPrintOnlyOnFailureTestExecutionListener, org.springframework.boot.test.autoconfigure.web.servlet.WebDriverTestExecutionListener, org.springframework.boot.test.autoconfigure.webservices.client.MockWebServiceServerTestExecutionListener, org.springframework.boot.test.mock.mockito.MockitoTestExecutionListener, org.springframework.boot.test.mock.mockito.ResetMocksTestExecutionListener, org.springframework.test.context.web.ServletTestExecutionListener, org.springframework.test.context.support.DirtiesContextBeforeModesTestExecutionListener, org.springframework.test.context.event.ApplicationEventsTestExecutionListener, org.springframework.test.context.support.DependencyInjectionTestExecutionListener, org.springframework.test.context.support.DirtiesContextTestExecutionListener, org.springframework.test.context.transaction.TransactionalTestExecutionListener, org.springframework.test.context.jdbc.SqlScriptsTestExecutionListener, org.springframework.test.context.event.EventPublishingTestExecutionListener]
2021-06-04 23:12:40.837  INFO 48164 --- [    Test worker] .b.t.c.SpringBootTestContextBootstrapper : Using TestExecutionListeners: [org.springframework.test.context.web.ServletTestExecutionListener@90b53b8, org.springframework.test.context.support.DirtiesContextBeforeModesTestExecutionListener@495f504b, org.springframework.test.context.event.ApplicationEventsTestExecutionListener@7c85119, org.springframework.boot.test.mock.mockito.MockitoTestExecutionListener@c3b386, org.springframework.boot.test.autoconfigure.SpringBootDependencyInjectionTestExecutionListener@5386b6b5, org.springframework.test.context.support.DirtiesContextTestExecutionListener@60687986, org.springframework.test.context.transaction.TransactionalTestExecutionListener@25edbc0b, org.springframework.test.context.jdbc.SqlScriptsTestExecutionListener@38af64b3, org.springframework.test.context.event.EventPublishingTestExecutionListener@5e7a4e0d, org.springframework.boot.test.autoconfigure.restdocs.RestDocsTestExecutionListener@7d7db80d, org.springframework.boot.test.autoconfigure.web.client.MockRestServiceServerResetTestExecutionListener@35385e4d, org.springframework.boot.test.autoconfigure.web.servlet.MockMvcPrintOnlyOnFailureTestExecutionListener@76f12ea5, org.springframework.boot.test.autoconfigure.web.servlet.WebDriverTestExecutionListener@7af70c50, org.springframework.boot.test.autoconfigure.webservices.client.MockWebServiceServerTestExecutionListener@6ada6ed3, org.springframework.boot.test.mock.mockito.ResetMocksTestExecutionListener@1de78ff3]
2021-06-04 23:12:40.844  INFO 48164 --- [    Test worker] o.s.s.concurrent.ThreadPoolTaskExecutor  : Shutting down ExecutorService 'applicationTaskExecutor'
2021-06-04 23:12:40.844  INFO 48164 --- [    Test worker] com.zaxxer.hikari.HikariDataSource       : HikariPool-46 - Shutdown initiated...
2021-06-04 23:12:40.845  INFO 48164 --- [    Test worker] com.zaxxer.hikari.HikariDataSource       : HikariPool-46 - Shutdown completed.

  .   ____          _            __ _ _
 /\\ / ___'_ __ _ _(_)_ __  __ _ \ \ \ \
( ( )\___ | '_ | '_| | '_ \/ _` | \ \ \ \
 \\/  ___)| |_)| | | | | || (_| |  ) ) ) )
  '  |____| .__|_| |_|_| |_\__, | / / / /
 =========|_|==============|___/=/_/_/_/
 :: Spring Boot ::                (v2.4.3)

2021-06-04 23:12:40.856  INFO 48164 --- [    Test worker] wooteco.subway.line.LineAcceptanceTest   : Starting LineAcceptanceTest using Java 14.0.1 on Hyeon9makui-MacBook-Pro.local with PID 48164 (started by hyeon9mak in /Users/hyeon9mak/Documents/GitHub/atdd-subway-fare)
2021-06-04 23:12:40.856  INFO 48164 --- [    Test worker] wooteco.subway.line.LineAcceptanceTest   : The following profiles are active: test
2021-06-04 23:12:40.974  INFO 48164 --- [    Test worker] trationDelegate$BeanPostProcessorChecker : Bean 'pl.allegro.tech.boot.autoconfigure.handlebars.HandlebarsHelpersAutoConfiguration' of type [pl.allegro.tech.boot.autoconfigure.handlebars.HandlebarsHelpersAutoConfiguration$$EnhancerBySpringCGLIB$$3bd2ee05] is not eligible for getting processed by all BeanPostProcessors (for example: not eligible for auto-proxying)
2021-06-04 23:12:40.986  INFO 48164 --- [    Test worker] trationDelegate$BeanPostProcessorChecker : Bean 'handlebars.resolver-pl.allegro.tech.boot.autoconfigure.handlebars.HandlebarsValueResolversProperties' of type [pl.allegro.tech.boot.autoconfigure.handlebars.HandlebarsValueResolversProperties] is not eligible for getting processed by all BeanPostProcessors (for example: not eligible for auto-proxying)
2021-06-04 23:12:40.988  INFO 48164 --- [    Test worker] trationDelegate$BeanPostProcessorChecker : Bean 'handlebars-pl.allegro.tech.boot.autoconfigure.handlebars.HandlebarsProperties' of type [pl.allegro.tech.boot.autoconfigure.handlebars.HandlebarsProperties] is not eligible for getting processed by all BeanPostProcessors (for example: not eligible for auto-proxying)
2021-06-04 23:12:40.988  INFO 48164 --- [    Test worker] trationDelegate$BeanPostProcessorChecker : Bean 'pl.allegro.tech.boot.autoconfigure.handlebars.HandlebarsAutoConfiguration$HandlebarsViewResolverConfiguration' of type [pl.allegro.tech.boot.autoconfigure.handlebars.HandlebarsAutoConfiguration$HandlebarsViewResolverConfiguration$$EnhancerBySpringCGLIB$$4eba18a3] is not eligible for getting processed by all BeanPostProcessors (for example: not eligible for auto-proxying)
2021-06-04 23:12:40.992  INFO 48164 --- [    Test worker] trationDelegate$BeanPostProcessorChecker : Bean 'handlebarsViewResolver' of type [com.github.jknack.handlebars.springmvc.HandlebarsViewResolver] is not eligible for getting processed by all BeanPostProcessors (for example: not eligible for auto-proxying)
2021-06-04 23:12:41.026  INFO 48164 --- [    Test worker] o.s.b.w.embedded.tomcat.TomcatWebServer  : Tomcat initialized with port(s): 0 (http)
2021-06-04 23:12:41.026  INFO 48164 --- [    Test worker] o.apache.catalina.core.StandardService   : Starting service [Tomcat]
2021-06-04 23:12:41.026  INFO 48164 --- [    Test worker] org.apache.catalina.core.StandardEngine  : Starting Servlet engine: [Apache Tomcat/9.0.43]
2021-06-04 23:12:41.038  INFO 48164 --- [    Test worker] o.a.c.c.C.[Tomcat].[localhost].[/]       : Initializing Spring embedded WebApplicationContext
2021-06-04 23:12:41.038  INFO 48164 --- [    Test worker] w.s.c.ServletWebServerApplicationContext : Root WebApplicationContext: initialization completed in 181 ms
2021-06-04 23:12:41.064  INFO 48164 --- [    Test worker] com.zaxxer.hikari.HikariDataSource       : HikariPool-47 - Starting...
2021-06-04 23:12:41.065  INFO 48164 --- [    Test worker] com.zaxxer.hikari.HikariDataSource       : HikariPool-47 - Start completed.
2021-06-04 23:12:41.069  INFO 48164 --- [    Test worker] o.s.b.a.h2.H2ConsoleAutoConfiguration    : H2 console available at '/h2-console'. Database available at 'jdbc:h2:mem:testdb'
2021-06-04 23:12:41.112  INFO 48164 --- [    Test worker] n.r.s.b.l.access.LogbackAccessContext    : Configured the Logback-access: context=[default], config=[classpath:logback-access.xml]
2021-06-04 23:12:41.198  INFO 48164 --- [    Test worker] o.s.s.concurrent.ThreadPoolTaskExecutor  : Initializing ExecutorService 'applicationTaskExecutor'
2021-06-04 23:12:41.217  INFO 48164 --- [    Test worker] o.s.b.a.w.s.WelcomePageHandlerMapping    : Adding welcome page template: index
2021-06-04 23:12:41.296  INFO 48164 --- [    Test worker] o.s.b.w.embedded.tomcat.TomcatWebServer  : Tomcat started on port(s): 58090 (http) with context path ''
2021-06-04 23:12:41.298  INFO 48164 --- [    Test worker] wooteco.subway.line.LineAcceptanceTest   : Started LineAcceptanceTest in 0.451 seconds (JVM running for 44.292)
Request method:	POST
Request URI:	http://localhost:58090/api/members
Proxy:			<none>
Request params:	<none>
Query params:	<none>
Form params:	<none>
Path params:	<none>
Headers:		Accept=*/*
				Content-Type=application/json; charset=UTF-8
Cookies:		<none>
Multiparts:		<none>
Body:
{
    "email": "email@email.com",
    "password": "password",
    "age": 10
}
2021-06-04 23:12:41.307  INFO 48164 --- [-auto-47-exec-1] o.a.c.c.C.[Tomcat].[localhost].[/]       : Initializing Spring DispatcherServlet 'dispatcherServlet'
2021-06-04 23:12:41.307  INFO 48164 --- [-auto-47-exec-1] o.s.web.servlet.DispatcherServlet        : Initializing Servlet 'dispatcherServlet'
2021-06-04 23:12:41.308  INFO 48164 --- [-auto-47-exec-1] o.s.web.servlet.DispatcherServlet        : Completed initialization in 1 ms

###### HTTP Request ######
POST /api/members HTTP/1.1
accept: */*
content-type: application/json; charset=UTF-8
content-length: 58
host: localhost:58090
connection: Keep-Alive
user-agent: Apache-HttpClient/4.5.13 (Java/14.0.1)
accept-encoding: gzip,deflate


###### HTTP Response ######
HTTP/1.1 201 Created
Keep-Alive: timeout=60
Connection: keep-alive
Vary: Origin
Content-Length: 0
Date: Fri, 04 Jun 2021 14:12:41 GMT
Location: /members/1




HTTP/1.1 201 
Vary: Origin
Vary: Access-Control-Request-Method
Vary: Access-Control-Request-Headers
Location: /members/1
Content-Length: 0
Date: Fri, 04 Jun 2021 14:12:41 GMT
Keep-Alive: timeout=60
Connection: keep-alive

###### HTTP Request ######
POST /api/login/token HTTP/1.1
accept: */*
content-type: application/json; charset=UTF-8
content-length: 49
host: localhost:58090
connection: Keep-Alive
user-agent: Apache-HttpClient/4.5.13 (Java/14.0.1)
accept-encoding: gzip,deflate


###### HTTP Response ######
HTTP/1.1 200 OK
Transfer-Encoding: chunked
Keep-Alive: timeout=60
Connection: keep-alive
Vary: Origin
Date: Fri, 04 Jun 2021 14:12:41 GMT
Content-Type: application/json




Request method:	POST
Request URI:	http://localhost:58090/api/stations
Proxy:			<none>
Request params:	<none>
Query params:	<none>
Form params:	<none>
Path params:	<none>
Headers:		Accept=*/*
				Content-Type=application/json; charset=UTF-8
Cookies:		<none>
Multiparts:		<none>
Body:
{
    "name": "강남역"
}

###### HTTP Request ######
POST /api/stations HTTP/1.1
authorization: Bearer eyJhbGciOiJIUzI1NiJ9.eyJzdWIiOiJlbWFpbEBlbWFpbC5jb20iLCJpYXQiOjE2MjI4MTU5NjEsImV4cCI6MTYyMjgxOTU2MX0.JRy8LO_wJZ1GLPQgEdwT3hemIXl187YemaVhjeTG-f8
accept: */*
content-type: application/json; charset=UTF-8
content-length: 20
host: localhost:58090
connection: Keep-Alive
user-agent: Apache-HttpClient/4.5.13 (Java/14.0.1)
accept-encoding: gzip,deflate


###### HTTP Response ######
HTTP/1.1 201 Created
Transfer-Encoding: chunked
Keep-Alive: timeout=60
Connection: keep-alive
Vary: Origin
Date: Fri, 04 Jun 2021 14:12:41 GMT
Location: /stations/1
Content-Type: application/json




HTTP/1.1 201 
Vary: Origin
Vary: Access-Control-Request-Method
Vary: Access-Control-Request-Headers
Location: /stations/1
Content-Type: application/json
Transfer-Encoding: chunked
Date: Fri, 04 Jun 2021 14:12:41 GMT
Keep-Alive: timeout=60
Connection: keep-alive

{
    "id": 1,
    "name": "강남역"
}

###### HTTP Request ######
POST /api/login/token HTTP/1.1
accept: */*
content-type: application/json; charset=UTF-8
content-length: 49
host: localhost:58090
connection: Keep-Alive
user-agent: Apache-HttpClient/4.5.13 (Java/14.0.1)
accept-encoding: gzip,deflate


###### HTTP Response ######
HTTP/1.1 200 OK
Transfer-Encoding: chunked
Keep-Alive: timeout=60
Connection: keep-alive
Vary: Origin
Date: Fri, 04 Jun 2021 14:12:41 GMT
Content-Type: application/json




Request method:	POST
Request URI:	http://localhost:58090/api/stations
Proxy:			<none>
Request params:	<none>
Query params:	<none>
Form params:	<none>
Path params:	<none>
Headers:		Accept=*/*
				Content-Type=application/json; charset=UTF-8
Cookies:		<none>
Multiparts:		<none>
Body:
{
    "name": "광교역"
}

###### HTTP Request ######
POST /api/stations HTTP/1.1
authorization: Bearer eyJhbGciOiJIUzI1NiJ9.eyJzdWIiOiJlbWFpbEBlbWFpbC5jb20iLCJpYXQiOjE2MjI4MTU5NjEsImV4cCI6MTYyMjgxOTU2MX0.JRy8LO_wJZ1GLPQgEdwT3hemIXl187YemaVhjeTG-f8
accept: */*
content-type: application/json; charset=UTF-8
content-length: 20
host: localhost:58090
connection: Keep-Alive
user-agent: Apache-HttpClient/4.5.13 (Java/14.0.1)
accept-encoding: gzip,deflate


###### HTTP Response ######
HTTP/1.1 201 Created
Transfer-Encoding: chunked
Keep-Alive: timeout=60
Connection: keep-alive
Vary: Origin
Date: Fri, 04 Jun 2021 14:12:41 GMT
Location: /stations/2
Content-Type: application/json




HTTP/1.1 201 
Vary: Origin
Vary: Access-Control-Request-Method
Vary: Access-Control-Request-Headers
Location: /stations/2
Content-Type: application/json
Transfer-Encoding: chunked
Date: Fri, 04 Jun 2021 14:12:41 GMT
Keep-Alive: timeout=60
Connection: keep-alive

{
    "id": 2,
    "name": "광교역"
}

###### HTTP Request ######
POST /api/login/token HTTP/1.1
accept: */*
content-type: application/json; charset=UTF-8
content-length: 49
host: localhost:58090
connection: Keep-Alive
user-agent: Apache-HttpClient/4.5.13 (Java/14.0.1)
accept-encoding: gzip,deflate


###### HTTP Response ######
HTTP/1.1 200 OK
Transfer-Encoding: chunked
Keep-Alive: timeout=60
Connection: keep-alive
Vary: Origin
Date: Fri, 04 Jun 2021 14:12:41 GMT
Content-Type: application/json




Request method:	POST
Request URI:	http://localhost:58090/api/stations
Proxy:			<none>
Request params:	<none>
Query params:	<none>
Form params:	<none>
Path params:	<none>
Headers:		Accept=*/*
				Content-Type=application/json; charset=UTF-8
Cookies:		<none>
Multiparts:		<none>
Body:
{
    "name": "상봉역"
}

###### HTTP Request ######
POST /api/stations HTTP/1.1
authorization: Bearer eyJhbGciOiJIUzI1NiJ9.eyJzdWIiOiJlbWFpbEBlbWFpbC5jb20iLCJpYXQiOjE2MjI4MTU5NjEsImV4cCI6MTYyMjgxOTU2MX0.JRy8LO_wJZ1GLPQgEdwT3hemIXl187YemaVhjeTG-f8
accept: */*
content-type: application/json; charset=UTF-8
content-length: 20
host: localhost:58090
connection: Keep-Alive
user-agent: Apache-HttpClient/4.5.13 (Java/14.0.1)
accept-encoding: gzip,deflate


###### HTTP Response ######
HTTP/1.1 201 Created
Transfer-Encoding: chunked
Keep-Alive: timeout=60
Connection: keep-alive
Vary: Origin
Date: Fri, 04 Jun 2021 14:12:41 GMT
Location: /stations/3
Content-Type: application/json




HTTP/1.1 201 
Vary: Origin
Vary: Access-Control-Request-Method
Vary: Access-Control-Request-Headers
Location: /stations/3
Content-Type: application/json
Transfer-Encoding: chunked
Date: Fri, 04 Jun 2021 14:12:41 GMT
Keep-Alive: timeout=60
Connection: keep-alive

{
    "id": 3,
    "name": "상봉역"
}

###### HTTP Request ######
POST /api/login/token HTTP/1.1
accept: */*
content-type: application/json; charset=UTF-8
content-length: 49
host: localhost:58090
connection: Keep-Alive
user-agent: Apache-HttpClient/4.5.13 (Java/14.0.1)
accept-encoding: gzip,deflate


###### HTTP Response ######
HTTP/1.1 200 OK
Transfer-Encoding: chunked
Keep-Alive: timeout=60
Connection: keep-alive
Vary: Origin
Date: Fri, 04 Jun 2021 14:12:41 GMT
Content-Type: application/json




Request method:	POST
Request URI:	http://localhost:58090/api/stations
Proxy:			<none>
Request params:	<none>
Query params:	<none>
Form params:	<none>
Path params:	<none>
Headers:		Accept=*/*
				Content-Type=application/json; charset=UTF-8
Cookies:		<none>
Multiparts:		<none>
Body:
{
    "name": "면목역"
}

###### HTTP Request ######
POST /api/stations HTTP/1.1
authorization: Bearer eyJhbGciOiJIUzI1NiJ9.eyJzdWIiOiJlbWFpbEBlbWFpbC5jb20iLCJpYXQiOjE2MjI4MTU5NjEsImV4cCI6MTYyMjgxOTU2MX0.JRy8LO_wJZ1GLPQgEdwT3hemIXl187YemaVhjeTG-f8
accept: */*
content-type: application/json; charset=UTF-8
content-length: 20
host: localhost:58090
connection: Keep-Alive
user-agent: Apache-HttpClient/4.5.13 (Java/14.0.1)
accept-encoding: gzip,deflate


###### HTTP Response ######
HTTP/1.1 201 Created
Transfer-Encoding: chunked
Keep-Alive: timeout=60
Connection: keep-alive
Vary: Origin
Date: Fri, 04 Jun 2021 14:12:41 GMT
Location: /stations/4
Content-Type: application/json




HTTP/1.1 201 
Vary: Origin
Vary: Access-Control-Request-Method
Vary: Access-Control-Request-Headers
Location: /stations/4
Content-Type: application/json
Transfer-Encoding: chunked
Date: Fri, 04 Jun 2021 14:12:41 GMT
Keep-Alive: timeout=60
Connection: keep-alive

{
    "id": 4,
    "name": "면목역"
}

###### HTTP Request ######
POST /api/login/token HTTP/1.1
accept: */*
content-type: application/json; charset=UTF-8
content-length: 49
host: localhost:58090
connection: Keep-Alive
user-agent: Apache-HttpClient/4.5.13 (Java/14.0.1)
accept-encoding: gzip,deflate


###### HTTP Response ######
HTTP/1.1 200 OK
Transfer-Encoding: chunked
Keep-Alive: timeout=60
Connection: keep-alive
Vary: Origin
Date: Fri, 04 Jun 2021 14:12:41 GMT
Content-Type: application/json




Request method:	POST
Request URI:	http://localhost:58090/api/stations
Proxy:			<none>
Request params:	<none>
Query params:	<none>
Form params:	<none>
Path params:	<none>
Headers:		Accept=*/*
				Content-Type=application/json; charset=UTF-8
Cookies:		<none>
Multiparts:		<none>
Body:
{
    "name": "용마산역"
}

###### HTTP Request ######
POST /api/stations HTTP/1.1
authorization: Bearer eyJhbGciOiJIUzI1NiJ9.eyJzdWIiOiJlbWFpbEBlbWFpbC5jb20iLCJpYXQiOjE2MjI4MTU5NjEsImV4cCI6MTYyMjgxOTU2MX0.JRy8LO_wJZ1GLPQgEdwT3hemIXl187YemaVhjeTG-f8
accept: */*
content-type: application/json; charset=UTF-8
content-length: 23
host: localhost:58090
connection: Keep-Alive
user-agent: Apache-HttpClient/4.5.13 (Java/14.0.1)
accept-encoding: gzip,deflate


###### HTTP Response ######
HTTP/1.1 201 Created
Transfer-Encoding: chunked
Keep-Alive: timeout=60
Connection: keep-alive
Vary: Origin
Date: Fri, 04 Jun 2021 14:12:41 GMT
Location: /stations/5
Content-Type: application/json




HTTP/1.1 201 
Vary: Origin
Vary: Access-Control-Request-Method
Vary: Access-Control-Request-Headers
Location: /stations/5
Content-Type: application/json
Transfer-Encoding: chunked
Date: Fri, 04 Jun 2021 14:12:41 GMT
Keep-Alive: timeout=60
Connection: keep-alive

{
    "id": 5,
    "name": "용마산역"
}

###### HTTP Request ######
POST /api/login/token HTTP/1.1
accept: */*
content-type: application/json; charset=UTF-8
content-length: 49
host: localhost:58090
connection: Keep-Alive
user-agent: Apache-HttpClient/4.5.13 (Java/14.0.1)
accept-encoding: gzip,deflate


###### HTTP Response ######
HTTP/1.1 200 OK
Transfer-Encoding: chunked
Keep-Alive: timeout=60
Connection: keep-alive
Vary: Origin
Date: Fri, 04 Jun 2021 14:12:41 GMT
Content-Type: application/json




Request method:	POST
Request URI:	http://localhost:58090/api/lines
Proxy:			<none>
Request params:	<none>
Query params:	<none>
Form params:	<none>
Path params:	<none>
Headers:		Accept=*/*
				Content-Type=application/json; charset=UTF-8
Cookies:		<none>
Multiparts:		<none>
Body:
{
    "name": "신분당선",
    "color": "bg-red-600",
    "upStationId": 1,
    "downStationId": 2,
    "distance": 10,
    "extraFare": 0
}

###### HTTP Request ######
POST /api/lines HTTP/1.1
authorization: Bearer eyJhbGciOiJIUzI1NiJ9.eyJzdWIiOiJlbWFpbEBlbWFpbC5jb20iLCJpYXQiOjE2MjI4MTU5NjEsImV4cCI6MTYyMjgxOTU2MX0.JRy8LO_wJZ1GLPQgEdwT3hemIXl187YemaVhjeTG-f8
accept: */*
content-type: application/json; charset=UTF-8
content-length: 106
host: localhost:58090
connection: Keep-Alive
user-agent: Apache-HttpClient/4.5.13 (Java/14.0.1)
accept-encoding: gzip,deflate


###### HTTP Response ######
HTTP/1.1 201 Created
Transfer-Encoding: chunked
Keep-Alive: timeout=60
Connection: keep-alive
Vary: Origin
Date: Fri, 04 Jun 2021 14:12:41 GMT
Location: /lines/1
Content-Type: application/json




HTTP/1.1 201 
Vary: Origin
Vary: Access-Control-Request-Method
Vary: Access-Control-Request-Headers
Location: /lines/1
Content-Type: application/json
Transfer-Encoding: chunked
Date: Fri, 04 Jun 2021 14:12:41 GMT
Keep-Alive: timeout=60
Connection: keep-alive

{
    "id": 1,
    "name": "신분당선",
    "color": "bg-red-600",
    "extraFare": 0,
    "stations": [
        {
            "id": 1,
            "name": "강남역"
        },
        {
            "id": 2,
            "name": "광교역"
        }
    ]
}

###### HTTP Request ######
POST /api/login/token HTTP/1.1
accept: */*
content-type: application/json; charset=UTF-8
content-length: 49
host: localhost:58090
connection: Keep-Alive
user-agent: Apache-HttpClient/4.5.13 (Java/14.0.1)
accept-encoding: gzip,deflate


###### HTTP Response ######
HTTP/1.1 200 OK
Transfer-Encoding: chunked
Keep-Alive: timeout=60
Connection: keep-alive
Vary: Origin
Date: Fri, 04 Jun 2021 14:12:41 GMT
Content-Type: application/json




Request method:	POST
Request URI:	http://localhost:58090/api/lines
Proxy:			<none>
Request params:	<none>
Query params:	<none>
Form params:	<none>
Path params:	<none>
Headers:		Accept=*/*
				Content-Type=application/json; charset=UTF-8
Cookies:		<none>
Multiparts:		<none>
Body:
{
    "name": "7호선",
    "color": "bg-green-600",
    "upStationId": 3,
    "downStationId": 4,
    "distance": 15,
    "extraFare": 0
}

###### HTTP Request ######
POST /api/lines HTTP/1.1
authorization: Bearer eyJhbGciOiJIUzI1NiJ9.eyJzdWIiOiJlbWFpbEBlbWFpbC5jb20iLCJpYXQiOjE2MjI4MTU5NjEsImV4cCI6MTYyMjgxOTU2MX0.JRy8LO_wJZ1GLPQgEdwT3hemIXl187YemaVhjeTG-f8
accept: */*
content-type: application/json; charset=UTF-8
content-length: 103
host: localhost:58090
connection: Keep-Alive
user-agent: Apache-HttpClient/4.5.13 (Java/14.0.1)
accept-encoding: gzip,deflate


###### HTTP Response ######
HTTP/1.1 201 Created
Transfer-Encoding: chunked
Keep-Alive: timeout=60
Connection: keep-alive
Vary: Origin
Date: Fri, 04 Jun 2021 14:12:41 GMT
Location: /lines/2
Content-Type: application/json




HTTP/1.1 201 
Vary: Origin
Vary: Access-Control-Request-Method
Vary: Access-Control-Request-Headers
Location: /lines/2
Content-Type: application/json
Transfer-Encoding: chunked
Date: Fri, 04 Jun 2021 14:12:41 GMT
Keep-Alive: timeout=60
Connection: keep-alive

{
    "id": 2,
    "name": "7호선",
    "color": "bg-green-600",
    "extraFare": 0,
    "stations": [
        {
            "id": 3,
            "name": "상봉역"
        },
        {
            "id": 4,
            "name": "면목역"
        }
    ]
}

###### HTTP Request ######
POST /api/login/token HTTP/1.1
accept: */*
content-type: application/json; charset=UTF-8
content-length: 49
host: localhost:58090
connection: Keep-Alive
user-agent: Apache-HttpClient/4.5.13 (Java/14.0.1)
accept-encoding: gzip,deflate


###### HTTP Response ######
HTTP/1.1 200 OK
Transfer-Encoding: chunked
Keep-Alive: timeout=60
Connection: keep-alive
Vary: Origin
Date: Fri, 04 Jun 2021 14:12:41 GMT
Content-Type: application/json




Request method:	GET
Request URI:	http://localhost:58090/api/lines
Proxy:			<none>
Request params:	<none>
Query params:	<none>
Form params:	<none>
Path params:	<none>
Headers:		Accept=application/json
Cookies:		<none>
Multiparts:		<none>
Body:			<none>

###### HTTP Request ######
GET /api/lines HTTP/1.1
authorization: Bearer eyJhbGciOiJIUzI1NiJ9.eyJzdWIiOiJlbWFpbEBlbWFpbC5jb20iLCJpYXQiOjE2MjI4MTU5NjEsImV4cCI6MTYyMjgxOTU2MX0.JRy8LO_wJZ1GLPQgEdwT3hemIXl187YemaVhjeTG-f8
accept: application/json
host: localhost:58090
connection: Keep-Alive
user-agent: Apache-HttpClient/4.5.13 (Java/14.0.1)
accept-encoding: gzip,deflate


###### HTTP Response ######
HTTP/1.1 200 OK
Transfer-Encoding: chunked
Keep-Alive: timeout=60
Connection: keep-alive
Vary: Origin
Date: Fri, 04 Jun 2021 14:12:41 GMT
Content-Type: application/json




HTTP/1.1 200 
Vary: Origin
Vary: Access-Control-Request-Method
Vary: Access-Control-Request-Headers
Content-Type: application/json
Transfer-Encoding: chunked
Date: Fri, 04 Jun 2021 14:12:41 GMT
Keep-Alive: timeout=60
Connection: keep-alive

[
    {
        "id": 1,
        "name": "신분당선",
        "color": "bg-red-600",
        "startStation": {
            "id": 1,
            "name": "강남역"
        },
        "endStation": {
            "id": 2,
            "name": "광교역"
        },
        "distance": 10
    },
    {
        "id": 2,
        "name": "7호선",
        "color": "bg-green-600",
        "startStation": {
            "id": 3,
            "name": "상봉역"
        },
        "endStation": {
            "id": 4,
            "name": "면목역"
        },
        "distance": 15
    }
]
2021-06-04 23:12:41.594  INFO 48164 --- [    Test worker] o.s.s.concurrent.ThreadPoolTaskExecutor  : Shutting down ExecutorService 'applicationTaskExecutor'
2021-06-04 23:12:41.594  INFO 48164 --- [    Test worker] com.zaxxer.hikari.HikariDataSource       : HikariPool-47 - Shutdown initiated...
2021-06-04 23:12:41.595  INFO 48164 --- [    Test worker] com.zaxxer.hikari.HikariDataSource       : HikariPool-47 - Shutdown completed.

  .   ____          _            __ _ _
 /\\ / ___'_ __ _ _(_)_ __  __ _ \ \ \ \
( ( )\___ | '_ | '_| | '_ \/ _` | \ \ \ \
 \\/  ___)| |_)| | | | | || (_| |  ) ) ) )
  '  |____| .__|_| |_|_| |_\__, | / / / /
 =========|_|==============|___/=/_/_/_/
 :: Spring Boot ::                (v2.4.3)

2021-06-04 23:12:41.614  INFO 48164 --- [    Test worker] wooteco.subway.line.LineAcceptanceTest   : Starting LineAcceptanceTest using Java 14.0.1 on Hyeon9makui-MacBook-Pro.local with PID 48164 (started by hyeon9mak in /Users/hyeon9mak/Documents/GitHub/atdd-subway-fare)
2021-06-04 23:12:41.614  INFO 48164 --- [    Test worker] wooteco.subway.line.LineAcceptanceTest   : The following profiles are active: test
2021-06-04 23:12:41.787  INFO 48164 --- [    Test worker] trationDelegate$BeanPostProcessorChecker : Bean 'pl.allegro.tech.boot.autoconfigure.handlebars.HandlebarsHelpersAutoConfiguration' of type [pl.allegro.tech.boot.autoconfigure.handlebars.HandlebarsHelpersAutoConfiguration$$EnhancerBySpringCGLIB$$3bd2ee05] is not eligible for getting processed by all BeanPostProcessors (for example: not eligible for auto-proxying)
2021-06-04 23:12:41.803  INFO 48164 --- [    Test worker] trationDelegate$BeanPostProcessorChecker : Bean 'handlebars.resolver-pl.allegro.tech.boot.autoconfigure.handlebars.HandlebarsValueResolversProperties' of type [pl.allegro.tech.boot.autoconfigure.handlebars.HandlebarsValueResolversProperties] is not eligible for getting processed by all BeanPostProcessors (for example: not eligible for auto-proxying)
2021-06-04 23:12:41.805  INFO 48164 --- [    Test worker] trationDelegate$BeanPostProcessorChecker : Bean 'handlebars-pl.allegro.tech.boot.autoconfigure.handlebars.HandlebarsProperties' of type [pl.allegro.tech.boot.autoconfigure.handlebars.HandlebarsProperties] is not eligible for getting processed by all BeanPostProcessors (for example: not eligible for auto-proxying)
2021-06-04 23:12:41.805  INFO 48164 --- [    Test worker] trationDelegate$BeanPostProcessorChecker : Bean 'pl.allegro.tech.boot.autoconfigure.handlebars.HandlebarsAutoConfiguration$HandlebarsViewResolverConfiguration' of type [pl.allegro.tech.boot.autoconfigure.handlebars.HandlebarsAutoConfiguration$HandlebarsViewResolverConfiguration$$EnhancerBySpringCGLIB$$4eba18a3] is not eligible for getting processed by all BeanPostProcessors (for example: not eligible for auto-proxying)
2021-06-04 23:12:41.814  INFO 48164 --- [    Test worker] trationDelegate$BeanPostProcessorChecker : Bean 'handlebarsViewResolver' of type [com.github.jknack.handlebars.springmvc.HandlebarsViewResolver] is not eligible for getting processed by all BeanPostProcessors (for example: not eligible for auto-proxying)
2021-06-04 23:12:41.871  INFO 48164 --- [    Test worker] o.s.b.w.embedded.tomcat.TomcatWebServer  : Tomcat initialized with port(s): 0 (http)
2021-06-04 23:12:41.872  INFO 48164 --- [    Test worker] o.apache.catalina.core.StandardService   : Starting service [Tomcat]
2021-06-04 23:12:41.872  INFO 48164 --- [    Test worker] org.apache.catalina.core.StandardEngine  : Starting Servlet engine: [Apache Tomcat/9.0.43]
2021-06-04 23:12:41.887  INFO 48164 --- [    Test worker] o.a.c.c.C.[Tomcat].[localhost].[/]       : Initializing Spring embedded WebApplicationContext
2021-06-04 23:12:41.887  INFO 48164 --- [    Test worker] w.s.c.ServletWebServerApplicationContext : Root WebApplicationContext: initialization completed in 271 ms
2021-06-04 23:12:41.916  INFO 48164 --- [    Test worker] com.zaxxer.hikari.HikariDataSource       : HikariPool-48 - Starting...
2021-06-04 23:12:41.921  INFO 48164 --- [    Test worker] com.zaxxer.hikari.HikariDataSource       : HikariPool-48 - Start completed.
2021-06-04 23:12:41.923  INFO 48164 --- [    Test worker] o.s.b.a.h2.H2ConsoleAutoConfiguration    : H2 console available at '/h2-console'. Database available at 'jdbc:h2:mem:testdb'
2021-06-04 23:12:41.979  INFO 48164 --- [    Test worker] n.r.s.b.l.access.LogbackAccessContext    : Configured the Logback-access: context=[default], config=[classpath:logback-access.xml]
2021-06-04 23:12:42.093  INFO 48164 --- [    Test worker] o.s.s.concurrent.ThreadPoolTaskExecutor  : Initializing ExecutorService 'applicationTaskExecutor'
2021-06-04 23:12:42.120  INFO 48164 --- [    Test worker] o.s.b.a.w.s.WelcomePageHandlerMapping    : Adding welcome page template: index
2021-06-04 23:12:42.289  INFO 48164 --- [    Test worker] o.s.b.w.embedded.tomcat.TomcatWebServer  : Tomcat started on port(s): 58109 (http) with context path ''
2021-06-04 23:12:42.291  INFO 48164 --- [    Test worker] wooteco.subway.line.LineAcceptanceTest   : Started LineAcceptanceTest in 0.694 seconds (JVM running for 45.286)
Request method:	POST
Request URI:	http://localhost:58109/api/members
Proxy:			<none>
Request params:	<none>
Query params:	<none>
Form params:	<none>
Path params:	<none>
Headers:		Accept=*/*
				Content-Type=application/json; charset=UTF-8
Cookies:		<none>
Multiparts:		<none>
Body:
{
    "email": "email@email.com",
    "password": "password",
    "age": 10
}
2021-06-04 23:12:42.302  INFO 48164 --- [-auto-48-exec-1] o.a.c.c.C.[Tomcat].[localhost].[/]       : Initializing Spring DispatcherServlet 'dispatcherServlet'
2021-06-04 23:12:42.302  INFO 48164 --- [-auto-48-exec-1] o.s.web.servlet.DispatcherServlet        : Initializing Servlet 'dispatcherServlet'
2021-06-04 23:12:42.302  INFO 48164 --- [-auto-48-exec-1] o.s.web.servlet.DispatcherServlet        : Completed initialization in 0 ms

###### HTTP Request ######
POST /api/members HTTP/1.1
accept: */*
content-type: application/json; charset=UTF-8
content-length: 58
host: localhost:58109
connection: Keep-Alive
user-agent: Apache-HttpClient/4.5.13 (Java/14.0.1)
accept-encoding: gzip,deflate


###### HTTP Response ######
HTTP/1.1 201 Created
Keep-Alive: timeout=60
Connection: keep-alive
Vary: Origin
Content-Length: 0
Date: Fri, 04 Jun 2021 14:12:41 GMT
Location: /members/1




HTTP/1.1 201 
Vary: Origin
Vary: Access-Control-Request-Method
Vary: Access-Control-Request-Headers
Location: /members/1
Content-Length: 0
Date: Fri, 04 Jun 2021 14:12:41 GMT
Keep-Alive: timeout=60
Connection: keep-alive

###### HTTP Request ######
POST /api/login/token HTTP/1.1
accept: */*
content-type: application/json; charset=UTF-8
content-length: 49
host: localhost:58109
connection: Keep-Alive
user-agent: Apache-HttpClient/4.5.13 (Java/14.0.1)
accept-encoding: gzip,deflate


###### HTTP Response ######
HTTP/1.1 200 OK
Transfer-Encoding: chunked
Keep-Alive: timeout=60
Connection: keep-alive
Vary: Origin
Date: Fri, 04 Jun 2021 14:12:41 GMT
Content-Type: application/json




Request method:	POST
Request URI:	http://localhost:58109/api/stations
Proxy:			<none>
Request params:	<none>
Query params:	<none>
Form params:	<none>
Path params:	<none>
Headers:		Accept=*/*
				Content-Type=application/json; charset=UTF-8
Cookies:		<none>
Multiparts:		<none>
Body:
{
    "name": "강남역"
}

###### HTTP Request ######
POST /api/stations HTTP/1.1
authorization: Bearer eyJhbGciOiJIUzI1NiJ9.eyJzdWIiOiJlbWFpbEBlbWFpbC5jb20iLCJpYXQiOjE2MjI4MTU5NjIsImV4cCI6MTYyMjgxOTU2Mn0.54VDC93nONVJalurj20sh3-mr2ocYin1KhRF6GOgheE
accept: */*
content-type: application/json; charset=UTF-8
content-length: 20
host: localhost:58109
connection: Keep-Alive
user-agent: Apache-HttpClient/4.5.13 (Java/14.0.1)
accept-encoding: gzip,deflate


###### HTTP Response ######
HTTP/1.1 201 Created
Transfer-Encoding: chunked
Keep-Alive: timeout=60
Connection: keep-alive
Vary: Origin
Date: Fri, 04 Jun 2021 14:12:42 GMT
Location: /stations/1
Content-Type: application/json




HTTP/1.1 201 
Vary: Origin
Vary: Access-Control-Request-Method
Vary: Access-Control-Request-Headers
Location: /stations/1
Content-Type: application/json
Transfer-Encoding: chunked
Date: Fri, 04 Jun 2021 14:12:42 GMT
Keep-Alive: timeout=60
Connection: keep-alive

{
    "id": 1,
    "name": "강남역"
}

###### HTTP Request ######
POST /api/login/token HTTP/1.1
accept: */*
content-type: application/json; charset=UTF-8
content-length: 49
host: localhost:58109
connection: Keep-Alive
user-agent: Apache-HttpClient/4.5.13 (Java/14.0.1)
accept-encoding: gzip,deflate


###### HTTP Response ######
HTTP/1.1 200 OK
Transfer-Encoding: chunked
Keep-Alive: timeout=60
Connection: keep-alive
Vary: Origin
Date: Fri, 04 Jun 2021 14:12:42 GMT
Content-Type: application/json




Request method:	POST
Request URI:	http://localhost:58109/api/stations
Proxy:			<none>
Request params:	<none>
Query params:	<none>
Form params:	<none>
Path params:	<none>
Headers:		Accept=*/*
				Content-Type=application/json; charset=UTF-8
Cookies:		<none>
Multiparts:		<none>
Body:
{
    "name": "광교역"
}

###### HTTP Request ######
POST /api/stations HTTP/1.1
authorization: Bearer eyJhbGciOiJIUzI1NiJ9.eyJzdWIiOiJlbWFpbEBlbWFpbC5jb20iLCJpYXQiOjE2MjI4MTU5NjIsImV4cCI6MTYyMjgxOTU2Mn0.54VDC93nONVJalurj20sh3-mr2ocYin1KhRF6GOgheE
accept: */*
content-type: application/json; charset=UTF-8
content-length: 20
host: localhost:58109
connection: Keep-Alive
user-agent: Apache-HttpClient/4.5.13 (Java/14.0.1)
accept-encoding: gzip,deflate


###### HTTP Response ######
HTTP/1.1 201 Created
Transfer-Encoding: chunked
Keep-Alive: timeout=60
Connection: keep-alive
Vary: Origin
Date: Fri, 04 Jun 2021 14:12:42 GMT
Location: /stations/2
Content-Type: application/json




HTTP/1.1 201 
Vary: Origin
Vary: Access-Control-Request-Method
Vary: Access-Control-Request-Headers
Location: /stations/2
Content-Type: application/json
Transfer-Encoding: chunked
Date: Fri, 04 Jun 2021 14:12:42 GMT
Keep-Alive: timeout=60
Connection: keep-alive

{
    "id": 2,
    "name": "광교역"
}

###### HTTP Request ######
POST /api/login/token HTTP/1.1
accept: */*
content-type: application/json; charset=UTF-8
content-length: 49
host: localhost:58109
connection: Keep-Alive
user-agent: Apache-HttpClient/4.5.13 (Java/14.0.1)
accept-encoding: gzip,deflate


###### HTTP Response ######
HTTP/1.1 200 OK
Transfer-Encoding: chunked
Keep-Alive: timeout=60
Connection: keep-alive
Vary: Origin
Date: Fri, 04 Jun 2021 14:12:42 GMT
Content-Type: application/json




Request method:	POST
Request URI:	http://localhost:58109/api/stations
Proxy:			<none>
Request params:	<none>
Query params:	<none>
Form params:	<none>
Path params:	<none>
Headers:		Accept=*/*
				Content-Type=application/json; charset=UTF-8
Cookies:		<none>
Multiparts:		<none>
Body:
{
    "name": "상봉역"
}

###### HTTP Request ######
POST /api/stations HTTP/1.1
authorization: Bearer eyJhbGciOiJIUzI1NiJ9.eyJzdWIiOiJlbWFpbEBlbWFpbC5jb20iLCJpYXQiOjE2MjI4MTU5NjIsImV4cCI6MTYyMjgxOTU2Mn0.54VDC93nONVJalurj20sh3-mr2ocYin1KhRF6GOgheE
accept: */*
content-type: application/json; charset=UTF-8
content-length: 20
host: localhost:58109
connection: Keep-Alive
user-agent: Apache-HttpClient/4.5.13 (Java/14.0.1)
accept-encoding: gzip,deflate


###### HTTP Response ######
HTTP/1.1 201 Created
Transfer-Encoding: chunked
Keep-Alive: timeout=60
Connection: keep-alive
Vary: Origin
Date: Fri, 04 Jun 2021 14:12:42 GMT
Location: /stations/3
Content-Type: application/json




HTTP/1.1 201 
Vary: Origin
Vary: Access-Control-Request-Method
Vary: Access-Control-Request-Headers
Location: /stations/3
Content-Type: application/json
Transfer-Encoding: chunked
Date: Fri, 04 Jun 2021 14:12:42 GMT
Keep-Alive: timeout=60
Connection: keep-alive

{
    "id": 3,
    "name": "상봉역"
}

###### HTTP Request ######
POST /api/login/token HTTP/1.1
accept: */*
content-type: application/json; charset=UTF-8
content-length: 49
host: localhost:58109
connection: Keep-Alive
user-agent: Apache-HttpClient/4.5.13 (Java/14.0.1)
accept-encoding: gzip,deflate


###### HTTP Response ######
HTTP/1.1 200 OK
Transfer-Encoding: chunked
Keep-Alive: timeout=60
Connection: keep-alive
Vary: Origin
Date: Fri, 04 Jun 2021 14:12:42 GMT
Content-Type: application/json




Request method:	POST
Request URI:	http://localhost:58109/api/stations
Proxy:			<none>
Request params:	<none>
Query params:	<none>
Form params:	<none>
Path params:	<none>
Headers:		Accept=*/*
				Content-Type=application/json; charset=UTF-8
Cookies:		<none>
Multiparts:		<none>
Body:
{
    "name": "면목역"
}

###### HTTP Request ######
POST /api/stations HTTP/1.1
authorization: Bearer eyJhbGciOiJIUzI1NiJ9.eyJzdWIiOiJlbWFpbEBlbWFpbC5jb20iLCJpYXQiOjE2MjI4MTU5NjIsImV4cCI6MTYyMjgxOTU2Mn0.54VDC93nONVJalurj20sh3-mr2ocYin1KhRF6GOgheE
accept: */*
content-type: application/json; charset=UTF-8
content-length: 20
host: localhost:58109
connection: Keep-Alive
user-agent: Apache-HttpClient/4.5.13 (Java/14.0.1)
accept-encoding: gzip,deflate


###### HTTP Response ######
HTTP/1.1 201 Created
Transfer-Encoding: chunked
Keep-Alive: timeout=60
Connection: keep-alive
Vary: Origin
Date: Fri, 04 Jun 2021 14:12:42 GMT
Location: /stations/4
Content-Type: application/json




HTTP/1.1 201 
Vary: Origin
Vary: Access-Control-Request-Method
Vary: Access-Control-Request-Headers
Location: /stations/4
Content-Type: application/json
Transfer-Encoding: chunked
Date: Fri, 04 Jun 2021 14:12:42 GMT
Keep-Alive: timeout=60
Connection: keep-alive

{
    "id": 4,
    "name": "면목역"
}

###### HTTP Request ######
POST /api/login/token HTTP/1.1
accept: */*
content-type: application/json; charset=UTF-8
content-length: 49
host: localhost:58109
connection: Keep-Alive
user-agent: Apache-HttpClient/4.5.13 (Java/14.0.1)
accept-encoding: gzip,deflate


###### HTTP Response ######
HTTP/1.1 200 OK
Transfer-Encoding: chunked
Keep-Alive: timeout=60
Connection: keep-alive
Vary: Origin
Date: Fri, 04 Jun 2021 14:12:42 GMT
Content-Type: application/json




Request method:	POST
Request URI:	http://localhost:58109/api/stations
Proxy:			<none>
Request params:	<none>
Query params:	<none>
Form params:	<none>
Path params:	<none>
Headers:		Accept=*/*
				Content-Type=application/json; charset=UTF-8
Cookies:		<none>
Multiparts:		<none>
Body:
{
    "name": "용마산역"
}

###### HTTP Request ######
POST /api/stations HTTP/1.1
authorization: Bearer eyJhbGciOiJIUzI1NiJ9.eyJzdWIiOiJlbWFpbEBlbWFpbC5jb20iLCJpYXQiOjE2MjI4MTU5NjIsImV4cCI6MTYyMjgxOTU2Mn0.54VDC93nONVJalurj20sh3-mr2ocYin1KhRF6GOgheE
accept: */*
content-type: application/json; charset=UTF-8
content-length: 23
host: localhost:58109
connection: Keep-Alive
user-agent: Apache-HttpClient/4.5.13 (Java/14.0.1)
accept-encoding: gzip,deflate


###### HTTP Response ######
HTTP/1.1 201 Created
Transfer-Encoding: chunked
Keep-Alive: timeout=60
Connection: keep-alive
Vary: Origin
Date: Fri, 04 Jun 2021 14:12:42 GMT
Location: /stations/5
Content-Type: application/json




HTTP/1.1 201 
Vary: Origin
Vary: Access-Control-Request-Method
Vary: Access-Control-Request-Headers
Location: /stations/5
Content-Type: application/json
Transfer-Encoding: chunked
Date: Fri, 04 Jun 2021 14:12:42 GMT
Keep-Alive: timeout=60
Connection: keep-alive

{
    "id": 5,
    "name": "용마산역"
}

###### HTTP Request ######
POST /api/login/token HTTP/1.1
accept: */*
content-type: application/json; charset=UTF-8
content-length: 49
host: localhost:58109
connection: Keep-Alive
user-agent: Apache-HttpClient/4.5.13 (Java/14.0.1)
accept-encoding: gzip,deflate


###### HTTP Response ######
HTTP/1.1 200 OK
Transfer-Encoding: chunked
Keep-Alive: timeout=60
Connection: keep-alive
Vary: Origin
Date: Fri, 04 Jun 2021 14:12:42 GMT
Content-Type: application/json




Request method:	POST
Request URI:	http://localhost:58109/api/lines
Proxy:			<none>
Request params:	<none>
Query params:	<none>
Form params:	<none>
Path params:	<none>
Headers:		Accept=*/*
				Content-Type=application/json; charset=UTF-8
Cookies:		<none>
Multiparts:		<none>
Body:
{
    "name": "신분당선",
    "color": "bg-red-600",
    "upStationId": 1,
    "downStationId": 2,
    "distance": 10,
    "extraFare": 0
}

###### HTTP Request ######
POST /api/lines HTTP/1.1
authorization: Bearer eyJhbGciOiJIUzI1NiJ9.eyJzdWIiOiJlbWFpbEBlbWFpbC5jb20iLCJpYXQiOjE2MjI4MTU5NjIsImV4cCI6MTYyMjgxOTU2Mn0.54VDC93nONVJalurj20sh3-mr2ocYin1KhRF6GOgheE
accept: */*
content-type: application/json; charset=UTF-8
content-length: 106
host: localhost:58109
connection: Keep-Alive
user-agent: Apache-HttpClient/4.5.13 (Java/14.0.1)
accept-encoding: gzip,deflate


###### HTTP Response ######
HTTP/1.1 201 Created
Transfer-Encoding: chunked
Keep-Alive: timeout=60
Connection: keep-alive
Vary: Origin
Date: Fri, 04 Jun 2021 14:12:42 GMT
Location: /lines/1
Content-Type: application/json




HTTP/1.1 201 
Vary: Origin
Vary: Access-Control-Request-Method
Vary: Access-Control-Request-Headers
Location: /lines/1
Content-Type: application/json
Transfer-Encoding: chunked
Date: Fri, 04 Jun 2021 14:12:42 GMT
Keep-Alive: timeout=60
Connection: keep-alive

{
    "id": 1,
    "name": "신분당선",
    "color": "bg-red-600",
    "extraFare": 0,
    "stations": [
        {
            "id": 1,
            "name": "강남역"
        },
        {
            "id": 2,
            "name": "광교역"
        }
    ]
}

###### HTTP Request ######
POST /api/login/token HTTP/1.1
accept: */*
content-type: application/json; charset=UTF-8
content-length: 49
host: localhost:58109
connection: Keep-Alive
user-agent: Apache-HttpClient/4.5.13 (Java/14.0.1)
accept-encoding: gzip,deflate


###### HTTP Response ######
HTTP/1.1 200 OK
Transfer-Encoding: chunked
Keep-Alive: timeout=60
Connection: keep-alive
Vary: Origin
Date: Fri, 04 Jun 2021 14:12:42 GMT
Content-Type: application/json




Request method:	PUT
Request URI:	http://localhost:58109/api/lines/1
Proxy:			<none>
Request params:	<none>
Query params:	<none>
Form params:	<none>
Path params:	<none>
Headers:		Accept=*/*
				Content-Type=application/json; charset=UTF-8
Cookies:		<none>
Multiparts:		<none>
Body:
{
    "name": "7호선",
    "color": "bg-green-600",
    "upStationId": 3,
    "downStationId": 4,
    "distance": 15,
    "extraFare": 0
}

###### HTTP Request ######
PUT /api/lines/1 HTTP/1.1
authorization: Bearer eyJhbGciOiJIUzI1NiJ9.eyJzdWIiOiJlbWFpbEBlbWFpbC5jb20iLCJpYXQiOjE2MjI4MTU5NjIsImV4cCI6MTYyMjgxOTU2Mn0.54VDC93nONVJalurj20sh3-mr2ocYin1KhRF6GOgheE
accept: */*
content-type: application/json; charset=UTF-8
content-length: 103
host: localhost:58109
connection: Keep-Alive
user-agent: Apache-HttpClient/4.5.13 (Java/14.0.1)
accept-encoding: gzip,deflate


###### HTTP Response ######
HTTP/1.1 200 OK
Keep-Alive: timeout=60
Connection: keep-alive
Vary: Origin
Content-Length: 0
Date: Fri, 04 Jun 2021 14:12:42 GMT




HTTP/1.1 200 
Vary: Origin
Vary: Access-Control-Request-Method
Vary: Access-Control-Request-Headers
Content-Length: 0
Date: Fri, 04 Jun 2021 14:12:42 GMT
Keep-Alive: timeout=60
Connection: keep-alive
2021-06-04 23:12:42.566  INFO 48164 --- [    Test worker] o.s.s.concurrent.ThreadPoolTaskExecutor  : Shutting down ExecutorService 'applicationTaskExecutor'
2021-06-04 23:12:42.566  INFO 48164 --- [    Test worker] com.zaxxer.hikari.HikariDataSource       : HikariPool-48 - Shutdown initiated...
2021-06-04 23:12:42.568  INFO 48164 --- [    Test worker] com.zaxxer.hikari.HikariDataSource       : HikariPool-48 - Shutdown completed.

  .   ____          _            __ _ _
 /\\ / ___'_ __ _ _(_)_ __  __ _ \ \ \ \
( ( )\___ | '_ | '_| | '_ \/ _` | \ \ \ \
 \\/  ___)| |_)| | | | | || (_| |  ) ) ) )
  '  |____| .__|_| |_|_| |_\__, | / / / /
 =========|_|==============|___/=/_/_/_/
 :: Spring Boot ::                (v2.4.3)

2021-06-04 23:12:42.584  INFO 48164 --- [    Test worker] wooteco.subway.line.LineAcceptanceTest   : Starting LineAcceptanceTest using Java 14.0.1 on Hyeon9makui-MacBook-Pro.local with PID 48164 (started by hyeon9mak in /Users/hyeon9mak/Documents/GitHub/atdd-subway-fare)
2021-06-04 23:12:42.584  INFO 48164 --- [    Test worker] wooteco.subway.line.LineAcceptanceTest   : The following profiles are active: test
2021-06-04 23:12:42.731  INFO 48164 --- [    Test worker] trationDelegate$BeanPostProcessorChecker : Bean 'pl.allegro.tech.boot.autoconfigure.handlebars.HandlebarsHelpersAutoConfiguration' of type [pl.allegro.tech.boot.autoconfigure.handlebars.HandlebarsHelpersAutoConfiguration$$EnhancerBySpringCGLIB$$3bd2ee05] is not eligible for getting processed by all BeanPostProcessors (for example: not eligible for auto-proxying)
2021-06-04 23:12:42.777  INFO 48164 --- [    Test worker] trationDelegate$BeanPostProcessorChecker : Bean 'handlebars.resolver-pl.allegro.tech.boot.autoconfigure.handlebars.HandlebarsValueResolversProperties' of type [pl.allegro.tech.boot.autoconfigure.handlebars.HandlebarsValueResolversProperties] is not eligible for getting processed by all BeanPostProcessors (for example: not eligible for auto-proxying)
2021-06-04 23:12:42.782  INFO 48164 --- [    Test worker] trationDelegate$BeanPostProcessorChecker : Bean 'handlebars-pl.allegro.tech.boot.autoconfigure.handlebars.HandlebarsProperties' of type [pl.allegro.tech.boot.autoconfigure.handlebars.HandlebarsProperties] is not eligible for getting processed by all BeanPostProcessors (for example: not eligible for auto-proxying)
2021-06-04 23:12:42.782  INFO 48164 --- [    Test worker] trationDelegate$BeanPostProcessorChecker : Bean 'pl.allegro.tech.boot.autoconfigure.handlebars.HandlebarsAutoConfiguration$HandlebarsViewResolverConfiguration' of type [pl.allegro.tech.boot.autoconfigure.handlebars.HandlebarsAutoConfiguration$HandlebarsViewResolverConfiguration$$EnhancerBySpringCGLIB$$4eba18a3] is not eligible for getting processed by all BeanPostProcessors (for example: not eligible for auto-proxying)
2021-06-04 23:12:42.791  INFO 48164 --- [    Test worker] trationDelegate$BeanPostProcessorChecker : Bean 'handlebarsViewResolver' of type [com.github.jknack.handlebars.springmvc.HandlebarsViewResolver] is not eligible for getting processed by all BeanPostProcessors (for example: not eligible for auto-proxying)
2021-06-04 23:12:42.880  INFO 48164 --- [    Test worker] o.s.b.w.embedded.tomcat.TomcatWebServer  : Tomcat initialized with port(s): 0 (http)
2021-06-04 23:12:42.882  INFO 48164 --- [    Test worker] o.apache.catalina.core.StandardService   : Starting service [Tomcat]
2021-06-04 23:12:42.882  INFO 48164 --- [    Test worker] org.apache.catalina.core.StandardEngine  : Starting Servlet engine: [Apache Tomcat/9.0.43]
2021-06-04 23:12:42.904  INFO 48164 --- [    Test worker] o.a.c.c.C.[Tomcat].[localhost].[/]       : Initializing Spring embedded WebApplicationContext
2021-06-04 23:12:42.904  INFO 48164 --- [    Test worker] w.s.c.ServletWebServerApplicationContext : Root WebApplicationContext: initialization completed in 319 ms
2021-06-04 23:12:42.953  INFO 48164 --- [    Test worker] com.zaxxer.hikari.HikariDataSource       : HikariPool-49 - Starting...
2021-06-04 23:12:42.954  INFO 48164 --- [    Test worker] com.zaxxer.hikari.HikariDataSource       : HikariPool-49 - Start completed.
2021-06-04 23:12:42.959  INFO 48164 --- [    Test worker] o.s.b.a.h2.H2ConsoleAutoConfiguration    : H2 console available at '/h2-console'. Database available at 'jdbc:h2:mem:testdb'
2021-06-04 23:12:43.022  INFO 48164 --- [    Test worker] n.r.s.b.l.access.LogbackAccessContext    : Configured the Logback-access: context=[default], config=[classpath:logback-access.xml]
2021-06-04 23:12:43.127  INFO 48164 --- [    Test worker] o.s.s.concurrent.ThreadPoolTaskExecutor  : Initializing ExecutorService 'applicationTaskExecutor'
2021-06-04 23:12:43.143  INFO 48164 --- [    Test worker] o.s.b.a.w.s.WelcomePageHandlerMapping    : Adding welcome page template: index
2021-06-04 23:12:43.217  INFO 48164 --- [    Test worker] o.s.b.w.embedded.tomcat.TomcatWebServer  : Tomcat started on port(s): 58126 (http) with context path ''
2021-06-04 23:12:43.219  INFO 48164 --- [    Test worker] wooteco.subway.line.LineAcceptanceTest   : Started LineAcceptanceTest in 0.649 seconds (JVM running for 46.213)
Request method:	POST
Request URI:	http://localhost:58126/api/members
Proxy:			<none>
Request params:	<none>
Query params:	<none>
Form params:	<none>
Path params:	<none>
Headers:		Accept=*/*
				Content-Type=application/json; charset=UTF-8
Cookies:		<none>
Multiparts:		<none>
Body:
{
    "email": "email@email.com",
    "password": "password",
    "age": 10
}
2021-06-04 23:12:43.226  INFO 48164 --- [-auto-49-exec-1] o.a.c.c.C.[Tomcat].[localhost].[/]       : Initializing Spring DispatcherServlet 'dispatcherServlet'
2021-06-04 23:12:43.226  INFO 48164 --- [-auto-49-exec-1] o.s.web.servlet.DispatcherServlet        : Initializing Servlet 'dispatcherServlet'
2021-06-04 23:12:43.227  INFO 48164 --- [-auto-49-exec-1] o.s.web.servlet.DispatcherServlet        : Completed initialization in 0 ms

###### HTTP Request ######
POST /api/members HTTP/1.1
accept: */*
content-type: application/json; charset=UTF-8
content-length: 58
host: localhost:58126
connection: Keep-Alive
user-agent: Apache-HttpClient/4.5.13 (Java/14.0.1)
accept-encoding: gzip,deflate


###### HTTP Response ######
HTTP/1.1 201 Created
Keep-Alive: timeout=60
Connection: keep-alive
Vary: Origin
Content-Length: 0
Date: Fri, 04 Jun 2021 14:12:42 GMT
Location: /members/1




HTTP/1.1 201 
Vary: Origin
Vary: Access-Control-Request-Method
Vary: Access-Control-Request-Headers
Location: /members/1
Content-Length: 0
Date: Fri, 04 Jun 2021 14:12:42 GMT
Keep-Alive: timeout=60
Connection: keep-alive

###### HTTP Request ######
POST /api/login/token HTTP/1.1
accept: */*
content-type: application/json; charset=UTF-8
content-length: 49
host: localhost:58126
connection: Keep-Alive
user-agent: Apache-HttpClient/4.5.13 (Java/14.0.1)
accept-encoding: gzip,deflate


###### HTTP Response ######
HTTP/1.1 200 OK
Transfer-Encoding: chunked
Keep-Alive: timeout=60
Connection: keep-alive
Vary: Origin
Date: Fri, 04 Jun 2021 14:12:42 GMT
Content-Type: application/json




Request method:	POST
Request URI:	http://localhost:58126/api/stations
Proxy:			<none>
Request params:	<none>
Query params:	<none>
Form params:	<none>
Path params:	<none>
Headers:		Accept=*/*
				Content-Type=application/json; charset=UTF-8
Cookies:		<none>
Multiparts:		<none>
Body:
{
    "name": "강남역"
}

###### HTTP Request ######
POST /api/stations HTTP/1.1
authorization: Bearer eyJhbGciOiJIUzI1NiJ9.eyJzdWIiOiJlbWFpbEBlbWFpbC5jb20iLCJpYXQiOjE2MjI4MTU5NjMsImV4cCI6MTYyMjgxOTU2M30.3Kk9oI4Zwum3RJnjiKqfNG7XtVf_wE5ASGMVp9D3kQY
accept: */*
content-type: application/json; charset=UTF-8
content-length: 20
host: localhost:58126
connection: Keep-Alive
user-agent: Apache-HttpClient/4.5.13 (Java/14.0.1)
accept-encoding: gzip,deflate


###### HTTP Response ######
HTTP/1.1 201 Created
Transfer-Encoding: chunked
Keep-Alive: timeout=60
Connection: keep-alive
Vary: Origin
Date: Fri, 04 Jun 2021 14:12:42 GMT
Location: /stations/1
Content-Type: application/json




HTTP/1.1 201 
Vary: Origin
Vary: Access-Control-Request-Method
Vary: Access-Control-Request-Headers
Location: /stations/1
Content-Type: application/json
Transfer-Encoding: chunked
Date: Fri, 04 Jun 2021 14:12:42 GMT
Keep-Alive: timeout=60
Connection: keep-alive

{
    "id": 1,
    "name": "강남역"
}

###### HTTP Request ######
POST /api/login/token HTTP/1.1
accept: */*
content-type: application/json; charset=UTF-8
content-length: 49
host: localhost:58126
connection: Keep-Alive
user-agent: Apache-HttpClient/4.5.13 (Java/14.0.1)
accept-encoding: gzip,deflate


###### HTTP Response ######
HTTP/1.1 200 OK
Transfer-Encoding: chunked
Keep-Alive: timeout=60
Connection: keep-alive
Vary: Origin
Date: Fri, 04 Jun 2021 14:12:42 GMT
Content-Type: application/json




Request method:	POST
Request URI:	http://localhost:58126/api/stations
Proxy:			<none>
Request params:	<none>
Query params:	<none>
Form params:	<none>
Path params:	<none>
Headers:		Accept=*/*
				Content-Type=application/json; charset=UTF-8
Cookies:		<none>
Multiparts:		<none>
Body:
{
    "name": "광교역"
}

###### HTTP Request ######
POST /api/stations HTTP/1.1
authorization: Bearer eyJhbGciOiJIUzI1NiJ9.eyJzdWIiOiJlbWFpbEBlbWFpbC5jb20iLCJpYXQiOjE2MjI4MTU5NjMsImV4cCI6MTYyMjgxOTU2M30.3Kk9oI4Zwum3RJnjiKqfNG7XtVf_wE5ASGMVp9D3kQY
accept: */*
content-type: application/json; charset=UTF-8
content-length: 20
host: localhost:58126
connection: Keep-Alive
user-agent: Apache-HttpClient/4.5.13 (Java/14.0.1)
accept-encoding: gzip,deflate


###### HTTP Response ######
HTTP/1.1 201 Created
Transfer-Encoding: chunked
Keep-Alive: timeout=60
Connection: keep-alive
Vary: Origin
Date: Fri, 04 Jun 2021 14:12:42 GMT
Location: /stations/2
Content-Type: application/json




HTTP/1.1 201 
Vary: Origin
Vary: Access-Control-Request-Method
Vary: Access-Control-Request-Headers
Location: /stations/2
Content-Type: application/json
Transfer-Encoding: chunked
Date: Fri, 04 Jun 2021 14:12:42 GMT
Keep-Alive: timeout=60
Connection: keep-alive

{
    "id": 2,
    "name": "광교역"
}

###### HTTP Request ######
POST /api/login/token HTTP/1.1
accept: */*
content-type: application/json; charset=UTF-8
content-length: 49
host: localhost:58126
connection: Keep-Alive
user-agent: Apache-HttpClient/4.5.13 (Java/14.0.1)
accept-encoding: gzip,deflate


###### HTTP Response ######
HTTP/1.1 200 OK
Transfer-Encoding: chunked
Keep-Alive: timeout=60
Connection: keep-alive
Vary: Origin
Date: Fri, 04 Jun 2021 14:12:42 GMT
Content-Type: application/json




Request method:	POST
Request URI:	http://localhost:58126/api/stations
Proxy:			<none>
Request params:	<none>
Query params:	<none>
Form params:	<none>
Path params:	<none>
Headers:		Accept=*/*
				Content-Type=application/json; charset=UTF-8
Cookies:		<none>
Multiparts:		<none>
Body:
{
    "name": "상봉역"
}

###### HTTP Request ######
POST /api/stations HTTP/1.1
authorization: Bearer eyJhbGciOiJIUzI1NiJ9.eyJzdWIiOiJlbWFpbEBlbWFpbC5jb20iLCJpYXQiOjE2MjI4MTU5NjMsImV4cCI6MTYyMjgxOTU2M30.3Kk9oI4Zwum3RJnjiKqfNG7XtVf_wE5ASGMVp9D3kQY
accept: */*
content-type: application/json; charset=UTF-8
content-length: 20
host: localhost:58126
connection: Keep-Alive
user-agent: Apache-HttpClient/4.5.13 (Java/14.0.1)
accept-encoding: gzip,deflate


###### HTTP Response ######
HTTP/1.1 201 Created
Transfer-Encoding: chunked
Keep-Alive: timeout=60
Connection: keep-alive
Vary: Origin
Date: Fri, 04 Jun 2021 14:12:42 GMT
Location: /stations/3
Content-Type: application/json




HTTP/1.1 201 
Vary: Origin
Vary: Access-Control-Request-Method
Vary: Access-Control-Request-Headers
Location: /stations/3
Content-Type: application/json
Transfer-Encoding: chunked
Date: Fri, 04 Jun 2021 14:12:42 GMT
Keep-Alive: timeout=60
Connection: keep-alive

{
    "id": 3,
    "name": "상봉역"
}

###### HTTP Request ######
POST /api/login/token HTTP/1.1
accept: */*
content-type: application/json; charset=UTF-8
content-length: 49
host: localhost:58126
connection: Keep-Alive
user-agent: Apache-HttpClient/4.5.13 (Java/14.0.1)
accept-encoding: gzip,deflate


###### HTTP Response ######
HTTP/1.1 200 OK
Transfer-Encoding: chunked
Keep-Alive: timeout=60
Connection: keep-alive
Vary: Origin
Date: Fri, 04 Jun 2021 14:12:42 GMT
Content-Type: application/json




Request method:	POST
Request URI:	http://localhost:58126/api/stations
Proxy:			<none>
Request params:	<none>
Query params:	<none>
Form params:	<none>
Path params:	<none>
Headers:		Accept=*/*
				Content-Type=application/json; charset=UTF-8
Cookies:		<none>
Multiparts:		<none>
Body:
{
    "name": "면목역"
}

###### HTTP Request ######
POST /api/stations HTTP/1.1
authorization: Bearer eyJhbGciOiJIUzI1NiJ9.eyJzdWIiOiJlbWFpbEBlbWFpbC5jb20iLCJpYXQiOjE2MjI4MTU5NjMsImV4cCI6MTYyMjgxOTU2M30.3Kk9oI4Zwum3RJnjiKqfNG7XtVf_wE5ASGMVp9D3kQY
accept: */*
content-type: application/json; charset=UTF-8
content-length: 20
host: localhost:58126
connection: Keep-Alive
user-agent: Apache-HttpClient/4.5.13 (Java/14.0.1)
accept-encoding: gzip,deflate


###### HTTP Response ######
HTTP/1.1 201 Created
Transfer-Encoding: chunked
Keep-Alive: timeout=60
Connection: keep-alive
Vary: Origin
Date: Fri, 04 Jun 2021 14:12:42 GMT
Location: /stations/4
Content-Type: application/json




HTTP/1.1 201 
Vary: Origin
Vary: Access-Control-Request-Method
Vary: Access-Control-Request-Headers
Location: /stations/4
Content-Type: application/json
Transfer-Encoding: chunked
Date: Fri, 04 Jun 2021 14:12:42 GMT
Keep-Alive: timeout=60
Connection: keep-alive

{
    "id": 4,
    "name": "면목역"
}

###### HTTP Request ######
POST /api/login/token HTTP/1.1
accept: */*
content-type: application/json; charset=UTF-8
content-length: 49
host: localhost:58126
connection: Keep-Alive
user-agent: Apache-HttpClient/4.5.13 (Java/14.0.1)
accept-encoding: gzip,deflate


###### HTTP Response ######
HTTP/1.1 200 OK
Transfer-Encoding: chunked
Keep-Alive: timeout=60
Connection: keep-alive
Vary: Origin
Date: Fri, 04 Jun 2021 14:12:42 GMT
Content-Type: application/json




Request method:	POST
Request URI:	http://localhost:58126/api/stations
Proxy:			<none>
Request params:	<none>
Query params:	<none>
Form params:	<none>
Path params:	<none>
Headers:		Accept=*/*
				Content-Type=application/json; charset=UTF-8
Cookies:		<none>
Multiparts:		<none>
Body:
{
    "name": "용마산역"
}

###### HTTP Request ######
POST /api/stations HTTP/1.1
authorization: Bearer eyJhbGciOiJIUzI1NiJ9.eyJzdWIiOiJlbWFpbEBlbWFpbC5jb20iLCJpYXQiOjE2MjI4MTU5NjMsImV4cCI6MTYyMjgxOTU2M30.3Kk9oI4Zwum3RJnjiKqfNG7XtVf_wE5ASGMVp9D3kQY
accept: */*
content-type: application/json; charset=UTF-8
content-length: 23
host: localhost:58126
connection: Keep-Alive
user-agent: Apache-HttpClient/4.5.13 (Java/14.0.1)
accept-encoding: gzip,deflate


###### HTTP Response ######
HTTP/1.1 201 Created
Transfer-Encoding: chunked
Keep-Alive: timeout=60
Connection: keep-alive
Vary: Origin
Date: Fri, 04 Jun 2021 14:12:42 GMT
Location: /stations/5
Content-Type: application/json




HTTP/1.1 201 
Vary: Origin
Vary: Access-Control-Request-Method
Vary: Access-Control-Request-Headers
Location: /stations/5
Content-Type: application/json
Transfer-Encoding: chunked
Date: Fri, 04 Jun 2021 14:12:42 GMT
Keep-Alive: timeout=60
Connection: keep-alive

{
    "id": 5,
    "name": "용마산역"
}

###### HTTP Request ######
POST /api/login/token HTTP/1.1
accept: */*
content-type: application/json; charset=UTF-8
content-length: 49
host: localhost:58126
connection: Keep-Alive
user-agent: Apache-HttpClient/4.5.13 (Java/14.0.1)
accept-encoding: gzip,deflate


###### HTTP Response ######
HTTP/1.1 200 OK
Transfer-Encoding: chunked
Keep-Alive: timeout=60
Connection: keep-alive
Vary: Origin
Date: Fri, 04 Jun 2021 14:12:43 GMT
Content-Type: application/json




Request method:	POST
Request URI:	http://localhost:58126/api/lines
Proxy:			<none>
Request params:	<none>
Query params:	<none>
Form params:	<none>
Path params:	<none>
Headers:		Accept=*/*
				Content-Type=application/json; charset=UTF-8
Cookies:		<none>
Multiparts:		<none>
Body:
{
    "name": "신분당선",
    "color": "bg-red-600",
    "upStationId": 1,
    "downStationId": 2,
    "distance": 10,
    "extraFare": 0
}

###### HTTP Request ######
POST /api/lines HTTP/1.1
authorization: Bearer eyJhbGciOiJIUzI1NiJ9.eyJzdWIiOiJlbWFpbEBlbWFpbC5jb20iLCJpYXQiOjE2MjI4MTU5NjMsImV4cCI6MTYyMjgxOTU2M30.3Kk9oI4Zwum3RJnjiKqfNG7XtVf_wE5ASGMVp9D3kQY
accept: */*
content-type: application/json; charset=UTF-8
content-length: 106
host: localhost:58126
connection: Keep-Alive
user-agent: Apache-HttpClient/4.5.13 (Java/14.0.1)
accept-encoding: gzip,deflate


###### HTTP Response ######
HTTP/1.1 201 Created
Transfer-Encoding: chunked
Keep-Alive: timeout=60
Connection: keep-alive
Vary: Origin
Date: Fri, 04 Jun 2021 14:12:43 GMT
Location: /lines/1
Content-Type: application/json




HTTP/1.1 201 
Vary: Origin
Vary: Access-Control-Request-Method
Vary: Access-Control-Request-Headers
Location: /lines/1
Content-Type: application/json
Transfer-Encoding: chunked
Date: Fri, 04 Jun 2021 14:12:43 GMT
Keep-Alive: timeout=60
Connection: keep-alive

{
    "id": 1,
    "name": "신분당선",
    "color": "bg-red-600",
    "extraFare": 0,
    "stations": [
        {
            "id": 1,
            "name": "강남역"
        },
        {
            "id": 2,
            "name": "광교역"
        }
    ]
}

###### HTTP Request ######
POST /api/login/token HTTP/1.1
accept: */*
content-type: application/json; charset=UTF-8
content-length: 49
host: localhost:58126
connection: Keep-Alive
user-agent: Apache-HttpClient/4.5.13 (Java/14.0.1)
accept-encoding: gzip,deflate


###### HTTP Response ######
HTTP/1.1 200 OK
Transfer-Encoding: chunked
Keep-Alive: timeout=60
Connection: keep-alive
Vary: Origin
Date: Fri, 04 Jun 2021 14:12:43 GMT
Content-Type: application/json




Request method:	GET
Request URI:	http://localhost:58126/api/lines/1
Proxy:			<none>
Request params:	<none>
Query params:	<none>
Form params:	<none>
Path params:	<none>
Headers:		Accept=application/json
Cookies:		<none>
Multiparts:		<none>
Body:			<none>

###### HTTP Request ######
GET /api/lines/1 HTTP/1.1
authorization: Bearer eyJhbGciOiJIUzI1NiJ9.eyJzdWIiOiJlbWFpbEBlbWFpbC5jb20iLCJpYXQiOjE2MjI4MTU5NjMsImV4cCI6MTYyMjgxOTU2M30.3Kk9oI4Zwum3RJnjiKqfNG7XtVf_wE5ASGMVp9D3kQY
accept: application/json
host: localhost:58126
connection: Keep-Alive
user-agent: Apache-HttpClient/4.5.13 (Java/14.0.1)
accept-encoding: gzip,deflate


###### HTTP Response ######
HTTP/1.1 200 OK
Transfer-Encoding: chunked
Keep-Alive: timeout=60
Connection: keep-alive
Vary: Origin
Date: Fri, 04 Jun 2021 14:12:43 GMT
Content-Type: application/json




HTTP/1.1 200 
Vary: Origin
Vary: Access-Control-Request-Method
Vary: Access-Control-Request-Headers
Content-Type: application/json
Transfer-Encoding: chunked
Date: Fri, 04 Jun 2021 14:12:43 GMT
Keep-Alive: timeout=60
Connection: keep-alive

{
    "id": 1,
    "name": "신분당선",
    "color": "bg-red-600",
    "extraFare": 0,
    "stations": [
        {
            "id": 1,
            "name": "강남역"
        },
        {
            "id": 2,
            "name": "광교역"
        }
    ]
}
2021-06-04 23:12:43.411  INFO 48164 --- [    Test worker] o.s.s.concurrent.ThreadPoolTaskExecutor  : Shutting down ExecutorService 'applicationTaskExecutor'
2021-06-04 23:12:43.412  INFO 48164 --- [    Test worker] com.zaxxer.hikari.HikariDataSource       : HikariPool-49 - Shutdown initiated...
2021-06-04 23:12:43.412  INFO 48164 --- [    Test worker] com.zaxxer.hikari.HikariDataSource       : HikariPool-49 - Shutdown completed.

  .   ____          _            __ _ _
 /\\ / ___'_ __ _ _(_)_ __  __ _ \ \ \ \
( ( )\___ | '_ | '_| | '_ \/ _` | \ \ \ \
 \\/  ___)| |_)| | | | | || (_| |  ) ) ) )
  '  |____| .__|_| |_|_| |_\__, | / / / /
 =========|_|==============|___/=/_/_/_/
 :: Spring Boot ::                (v2.4.3)

2021-06-04 23:12:43.426  INFO 48164 --- [    Test worker] wooteco.subway.line.LineAcceptanceTest   : Starting LineAcceptanceTest using Java 14.0.1 on Hyeon9makui-MacBook-Pro.local with PID 48164 (started by hyeon9mak in /Users/hyeon9mak/Documents/GitHub/atdd-subway-fare)
2021-06-04 23:12:43.426  INFO 48164 --- [    Test worker] wooteco.subway.line.LineAcceptanceTest   : The following profiles are active: test
2021-06-04 23:12:43.538  INFO 48164 --- [    Test worker] trationDelegate$BeanPostProcessorChecker : Bean 'pl.allegro.tech.boot.autoconfigure.handlebars.HandlebarsHelpersAutoConfiguration' of type [pl.allegro.tech.boot.autoconfigure.handlebars.HandlebarsHelpersAutoConfiguration$$EnhancerBySpringCGLIB$$3bd2ee05] is not eligible for getting processed by all BeanPostProcessors (for example: not eligible for auto-proxying)
2021-06-04 23:12:43.550  INFO 48164 --- [    Test worker] trationDelegate$BeanPostProcessorChecker : Bean 'handlebars.resolver-pl.allegro.tech.boot.autoconfigure.handlebars.HandlebarsValueResolversProperties' of type [pl.allegro.tech.boot.autoconfigure.handlebars.HandlebarsValueResolversProperties] is not eligible for getting processed by all BeanPostProcessors (for example: not eligible for auto-proxying)
2021-06-04 23:12:43.553  INFO 48164 --- [    Test worker] trationDelegate$BeanPostProcessorChecker : Bean 'handlebars-pl.allegro.tech.boot.autoconfigure.handlebars.HandlebarsProperties' of type [pl.allegro.tech.boot.autoconfigure.handlebars.HandlebarsProperties] is not eligible for getting processed by all BeanPostProcessors (for example: not eligible for auto-proxying)
2021-06-04 23:12:43.553  INFO 48164 --- [    Test worker] trationDelegate$BeanPostProcessorChecker : Bean 'pl.allegro.tech.boot.autoconfigure.handlebars.HandlebarsAutoConfiguration$HandlebarsViewResolverConfiguration' of type [pl.allegro.tech.boot.autoconfigure.handlebars.HandlebarsAutoConfiguration$HandlebarsViewResolverConfiguration$$EnhancerBySpringCGLIB$$4eba18a3] is not eligible for getting processed by all BeanPostProcessors (for example: not eligible for auto-proxying)
2021-06-04 23:12:43.558  INFO 48164 --- [    Test worker] trationDelegate$BeanPostProcessorChecker : Bean 'handlebarsViewResolver' of type [com.github.jknack.handlebars.springmvc.HandlebarsViewResolver] is not eligible for getting processed by all BeanPostProcessors (for example: not eligible for auto-proxying)
2021-06-04 23:12:43.591  INFO 48164 --- [    Test worker] o.s.b.w.embedded.tomcat.TomcatWebServer  : Tomcat initialized with port(s): 0 (http)
2021-06-04 23:12:43.592  INFO 48164 --- [    Test worker] o.apache.catalina.core.StandardService   : Starting service [Tomcat]
2021-06-04 23:12:43.592  INFO 48164 --- [    Test worker] org.apache.catalina.core.StandardEngine  : Starting Servlet engine: [Apache Tomcat/9.0.43]
2021-06-04 23:12:43.603  INFO 48164 --- [    Test worker] o.a.c.c.C.[Tomcat].[localhost].[/]       : Initializing Spring embedded WebApplicationContext
2021-06-04 23:12:43.603  INFO 48164 --- [    Test worker] w.s.c.ServletWebServerApplicationContext : Root WebApplicationContext: initialization completed in 176 ms
2021-06-04 23:12:43.623  INFO 48164 --- [    Test worker] com.zaxxer.hikari.HikariDataSource       : HikariPool-50 - Starting...
2021-06-04 23:12:43.624  INFO 48164 --- [    Test worker] com.zaxxer.hikari.HikariDataSource       : HikariPool-50 - Start completed.
2021-06-04 23:12:43.626  INFO 48164 --- [    Test worker] o.s.b.a.h2.H2ConsoleAutoConfiguration    : H2 console available at '/h2-console'. Database available at 'jdbc:h2:mem:testdb'
2021-06-04 23:12:43.670  INFO 48164 --- [    Test worker] n.r.s.b.l.access.LogbackAccessContext    : Configured the Logback-access: context=[default], config=[classpath:logback-access.xml]
2021-06-04 23:12:43.759  INFO 48164 --- [    Test worker] o.s.s.concurrent.ThreadPoolTaskExecutor  : Initializing ExecutorService 'applicationTaskExecutor'
2021-06-04 23:12:43.776  INFO 48164 --- [    Test worker] o.s.b.a.w.s.WelcomePageHandlerMapping    : Adding welcome page template: index
2021-06-04 23:12:43.848  INFO 48164 --- [    Test worker] o.s.b.w.embedded.tomcat.TomcatWebServer  : Tomcat started on port(s): 58143 (http) with context path ''
2021-06-04 23:12:43.850  INFO 48164 --- [    Test worker] wooteco.subway.line.LineAcceptanceTest   : Started LineAcceptanceTest in 0.436 seconds (JVM running for 46.844)
Request method:	POST
Request URI:	http://localhost:58143/api/members
Proxy:			<none>
Request params:	<none>
Query params:	<none>
Form params:	<none>
Path params:	<none>
Headers:		Accept=*/*
				Content-Type=application/json; charset=UTF-8
Cookies:		<none>
Multiparts:		<none>
Body:
{
    "email": "email@email.com",
    "password": "password",
    "age": 10
}
2021-06-04 23:12:43.856  INFO 48164 --- [-auto-50-exec-1] o.a.c.c.C.[Tomcat].[localhost].[/]       : Initializing Spring DispatcherServlet 'dispatcherServlet'
2021-06-04 23:12:43.856  INFO 48164 --- [-auto-50-exec-1] o.s.web.servlet.DispatcherServlet        : Initializing Servlet 'dispatcherServlet'
2021-06-04 23:12:43.857  INFO 48164 --- [-auto-50-exec-1] o.s.web.servlet.DispatcherServlet        : Completed initialization in 1 ms

###### HTTP Request ######
POST /api/members HTTP/1.1
accept: */*
content-type: application/json; charset=UTF-8
content-length: 58
host: localhost:58143
connection: Keep-Alive
user-agent: Apache-HttpClient/4.5.13 (Java/14.0.1)
accept-encoding: gzip,deflate


###### HTTP Response ######
HTTP/1.1 201 Created
Keep-Alive: timeout=60
Connection: keep-alive
Vary: Origin
Content-Length: 0
Date: Fri, 04 Jun 2021 14:12:43 GMT
Location: /members/1




HTTP/1.1 201 
Vary: Origin
Vary: Access-Control-Request-Method
Vary: Access-Control-Request-Headers
Location: /members/1
Content-Length: 0
Date: Fri, 04 Jun 2021 14:12:43 GMT
Keep-Alive: timeout=60
Connection: keep-alive

###### HTTP Request ######
POST /api/login/token HTTP/1.1
accept: */*
content-type: application/json; charset=UTF-8
content-length: 49
host: localhost:58143
connection: Keep-Alive
user-agent: Apache-HttpClient/4.5.13 (Java/14.0.1)
accept-encoding: gzip,deflate


###### HTTP Response ######
HTTP/1.1 200 OK
Transfer-Encoding: chunked
Keep-Alive: timeout=60
Connection: keep-alive
Vary: Origin
Date: Fri, 04 Jun 2021 14:12:43 GMT
Content-Type: application/json




Request method:	POST
Request URI:	http://localhost:58143/api/stations
Proxy:			<none>
Request params:	<none>
Query params:	<none>
Form params:	<none>
Path params:	<none>
Headers:		Accept=*/*
				Content-Type=application/json; charset=UTF-8
Cookies:		<none>
Multiparts:		<none>
Body:
{
    "name": "강남역"
}

###### HTTP Request ######
POST /api/stations HTTP/1.1
authorization: Bearer eyJhbGciOiJIUzI1NiJ9.eyJzdWIiOiJlbWFpbEBlbWFpbC5jb20iLCJpYXQiOjE2MjI4MTU5NjMsImV4cCI6MTYyMjgxOTU2M30.3Kk9oI4Zwum3RJnjiKqfNG7XtVf_wE5ASGMVp9D3kQY
accept: */*
content-type: application/json; charset=UTF-8
content-length: 20
host: localhost:58143
connection: Keep-Alive
user-agent: Apache-HttpClient/4.5.13 (Java/14.0.1)
accept-encoding: gzip,deflate


###### HTTP Response ######
HTTP/1.1 201 Created
Transfer-Encoding: chunked
Keep-Alive: timeout=60
Connection: keep-alive
Vary: Origin
Date: Fri, 04 Jun 2021 14:12:43 GMT
Location: /stations/1
Content-Type: application/json




HTTP/1.1 201 
Vary: Origin
Vary: Access-Control-Request-Method
Vary: Access-Control-Request-Headers
Location: /stations/1
Content-Type: application/json
Transfer-Encoding: chunked
Date: Fri, 04 Jun 2021 14:12:43 GMT
Keep-Alive: timeout=60
Connection: keep-alive

{
    "id": 1,
    "name": "강남역"
}

###### HTTP Request ######
POST /api/login/token HTTP/1.1
accept: */*
content-type: application/json; charset=UTF-8
content-length: 49
host: localhost:58143
connection: Keep-Alive
user-agent: Apache-HttpClient/4.5.13 (Java/14.0.1)
accept-encoding: gzip,deflate


###### HTTP Response ######
HTTP/1.1 200 OK
Transfer-Encoding: chunked
Keep-Alive: timeout=60
Connection: keep-alive
Vary: Origin
Date: Fri, 04 Jun 2021 14:12:43 GMT
Content-Type: application/json




Request method:	POST
Request URI:	http://localhost:58143/api/stations
Proxy:			<none>
Request params:	<none>
Query params:	<none>
Form params:	<none>
Path params:	<none>
Headers:		Accept=*/*
				Content-Type=application/json; charset=UTF-8
Cookies:		<none>
Multiparts:		<none>
Body:
{
    "name": "광교역"
}

###### HTTP Request ######
POST /api/stations HTTP/1.1
authorization: Bearer eyJhbGciOiJIUzI1NiJ9.eyJzdWIiOiJlbWFpbEBlbWFpbC5jb20iLCJpYXQiOjE2MjI4MTU5NjMsImV4cCI6MTYyMjgxOTU2M30.3Kk9oI4Zwum3RJnjiKqfNG7XtVf_wE5ASGMVp9D3kQY
accept: */*
content-type: application/json; charset=UTF-8
content-length: 20
host: localhost:58143
connection: Keep-Alive
user-agent: Apache-HttpClient/4.5.13 (Java/14.0.1)
accept-encoding: gzip,deflate


###### HTTP Response ######
HTTP/1.1 201 Created
Transfer-Encoding: chunked
Keep-Alive: timeout=60
Connection: keep-alive
Vary: Origin
Date: Fri, 04 Jun 2021 14:12:43 GMT
Location: /stations/2
Content-Type: application/json




HTTP/1.1 201 
Vary: Origin
Vary: Access-Control-Request-Method
Vary: Access-Control-Request-Headers
Location: /stations/2
Content-Type: application/json
Transfer-Encoding: chunked
Date: Fri, 04 Jun 2021 14:12:43 GMT
Keep-Alive: timeout=60
Connection: keep-alive

{
    "id": 2,
    "name": "광교역"
}

###### HTTP Request ######
POST /api/login/token HTTP/1.1
accept: */*
content-type: application/json; charset=UTF-8
content-length: 49
host: localhost:58143
connection: Keep-Alive
user-agent: Apache-HttpClient/4.5.13 (Java/14.0.1)
accept-encoding: gzip,deflate


###### HTTP Response ######
HTTP/1.1 200 OK
Transfer-Encoding: chunked
Keep-Alive: timeout=60
Connection: keep-alive
Vary: Origin
Date: Fri, 04 Jun 2021 14:12:43 GMT
Content-Type: application/json




Request method:	POST
Request URI:	http://localhost:58143/api/stations
Proxy:			<none>
Request params:	<none>
Query params:	<none>
Form params:	<none>
Path params:	<none>
Headers:		Accept=*/*
				Content-Type=application/json; charset=UTF-8
Cookies:		<none>
Multiparts:		<none>
Body:
{
    "name": "상봉역"
}

###### HTTP Request ######
POST /api/stations HTTP/1.1
authorization: Bearer eyJhbGciOiJIUzI1NiJ9.eyJzdWIiOiJlbWFpbEBlbWFpbC5jb20iLCJpYXQiOjE2MjI4MTU5NjMsImV4cCI6MTYyMjgxOTU2M30.3Kk9oI4Zwum3RJnjiKqfNG7XtVf_wE5ASGMVp9D3kQY
accept: */*
content-type: application/json; charset=UTF-8
content-length: 20
host: localhost:58143
connection: Keep-Alive
user-agent: Apache-HttpClient/4.5.13 (Java/14.0.1)
accept-encoding: gzip,deflate


###### HTTP Response ######
HTTP/1.1 201 Created
Transfer-Encoding: chunked
Keep-Alive: timeout=60
Connection: keep-alive
Vary: Origin
Date: Fri, 04 Jun 2021 14:12:43 GMT
Location: /stations/3
Content-Type: application/json




HTTP/1.1 201 
Vary: Origin
Vary: Access-Control-Request-Method
Vary: Access-Control-Request-Headers
Location: /stations/3
Content-Type: application/json
Transfer-Encoding: chunked
Date: Fri, 04 Jun 2021 14:12:43 GMT
Keep-Alive: timeout=60
Connection: keep-alive

{
    "id": 3,
    "name": "상봉역"
}

###### HTTP Request ######
POST /api/login/token HTTP/1.1
accept: */*
content-type: application/json; charset=UTF-8
content-length: 49
host: localhost:58143
connection: Keep-Alive
user-agent: Apache-HttpClient/4.5.13 (Java/14.0.1)
accept-encoding: gzip,deflate


###### HTTP Response ######
HTTP/1.1 200 OK
Transfer-Encoding: chunked
Keep-Alive: timeout=60
Connection: keep-alive
Vary: Origin
Date: Fri, 04 Jun 2021 14:12:43 GMT
Content-Type: application/json




Request method:	POST
Request URI:	http://localhost:58143/api/stations
Proxy:			<none>
Request params:	<none>
Query params:	<none>
Form params:	<none>
Path params:	<none>
Headers:		Accept=*/*
				Content-Type=application/json; charset=UTF-8
Cookies:		<none>
Multiparts:		<none>
Body:
{
    "name": "면목역"
}

###### HTTP Request ######
POST /api/stations HTTP/1.1
authorization: Bearer eyJhbGciOiJIUzI1NiJ9.eyJzdWIiOiJlbWFpbEBlbWFpbC5jb20iLCJpYXQiOjE2MjI4MTU5NjMsImV4cCI6MTYyMjgxOTU2M30.3Kk9oI4Zwum3RJnjiKqfNG7XtVf_wE5ASGMVp9D3kQY
accept: */*
content-type: application/json; charset=UTF-8
content-length: 20
host: localhost:58143
connection: Keep-Alive
user-agent: Apache-HttpClient/4.5.13 (Java/14.0.1)
accept-encoding: gzip,deflate


###### HTTP Response ######
HTTP/1.1 201 Created
Transfer-Encoding: chunked
Keep-Alive: timeout=60
Connection: keep-alive
Vary: Origin
Date: Fri, 04 Jun 2021 14:12:43 GMT
Location: /stations/4
Content-Type: application/json




HTTP/1.1 201 
Vary: Origin
Vary: Access-Control-Request-Method
Vary: Access-Control-Request-Headers
Location: /stations/4
Content-Type: application/json
Transfer-Encoding: chunked
Date: Fri, 04 Jun 2021 14:12:43 GMT
Keep-Alive: timeout=60
Connection: keep-alive

{
    "id": 4,
    "name": "면목역"
}

###### HTTP Request ######
POST /api/login/token HTTP/1.1
accept: */*
content-type: application/json; charset=UTF-8
content-length: 49
host: localhost:58143
connection: Keep-Alive
user-agent: Apache-HttpClient/4.5.13 (Java/14.0.1)
accept-encoding: gzip,deflate


###### HTTP Response ######
HTTP/1.1 200 OK
Transfer-Encoding: chunked
Keep-Alive: timeout=60
Connection: keep-alive
Vary: Origin
Date: Fri, 04 Jun 2021 14:12:43 GMT
Content-Type: application/json




Request method:	POST
Request URI:	http://localhost:58143/api/stations
Proxy:			<none>
Request params:	<none>
Query params:	<none>
Form params:	<none>
Path params:	<none>
Headers:		Accept=*/*
				Content-Type=application/json; charset=UTF-8
Cookies:		<none>
Multiparts:		<none>
Body:
{
    "name": "용마산역"
}

###### HTTP Request ######
POST /api/stations HTTP/1.1
authorization: Bearer eyJhbGciOiJIUzI1NiJ9.eyJzdWIiOiJlbWFpbEBlbWFpbC5jb20iLCJpYXQiOjE2MjI4MTU5NjMsImV4cCI6MTYyMjgxOTU2M30.3Kk9oI4Zwum3RJnjiKqfNG7XtVf_wE5ASGMVp9D3kQY
accept: */*
content-type: application/json; charset=UTF-8
content-length: 23
host: localhost:58143
connection: Keep-Alive
user-agent: Apache-HttpClient/4.5.13 (Java/14.0.1)
accept-encoding: gzip,deflate


###### HTTP Response ######
HTTP/1.1 201 Created
Transfer-Encoding: chunked
Keep-Alive: timeout=60
Connection: keep-alive
Vary: Origin
Date: Fri, 04 Jun 2021 14:12:43 GMT
Location: /stations/5
Content-Type: application/json




HTTP/1.1 201 
Vary: Origin
Vary: Access-Control-Request-Method
Vary: Access-Control-Request-Headers
Location: /stations/5
Content-Type: application/json
Transfer-Encoding: chunked
Date: Fri, 04 Jun 2021 14:12:43 GMT
Keep-Alive: timeout=60
Connection: keep-alive

{
    "id": 5,
    "name": "용마산역"
}

###### HTTP Request ######
POST /api/login/token HTTP/1.1
accept: */*
content-type: application/json; charset=UTF-8
content-length: 49
host: localhost:58143
connection: Keep-Alive
user-agent: Apache-HttpClient/4.5.13 (Java/14.0.1)
accept-encoding: gzip,deflate


###### HTTP Response ######
HTTP/1.1 200 OK
Transfer-Encoding: chunked
Keep-Alive: timeout=60
Connection: keep-alive
Vary: Origin
[...]
    "color": "bg-red-600",
    "upStationId": 1,
    "downStationId": 2,
    "distance": 10,
    "extraFare": 0
}

###### HTTP Request ######
POST /api/lines HTTP/1.1
authorization: Bearer eyJhbGciOiJIUzI1NiJ9.eyJzdWIiOiJlbWFpbEBlbWFpbC5jb20iLCJpYXQiOjE2MjI4MTU5NjUsImV4cCI6MTYyMjgxOTU2NX0.bUEqF8gGyPetJ4apeNoqHo-zvHa2Y4Ww-Hf7XQ9HFNs
accept: */*
content-type: application/json; charset=UTF-8
content-length: 106
host: localhost:58181
connection: Keep-Alive
user-agent: Apache-HttpClient/4.5.13 (Java/14.0.1)
accept-encoding: gzip,deflate


###### HTTP Response ######
HTTP/1.1 201 Created
Transfer-Encoding: chunked
Keep-Alive: timeout=60
Connection: keep-alive
Vary: Origin
Date: Fri, 04 Jun 2021 14:12:44 GMT
Location: /lines/1
Content-Type: application/json




HTTP/1.1 201 
Vary: Origin
Vary: Access-Control-Request-Method
Vary: Access-Control-Request-Headers
Location: /lines/1
Content-Type: application/json
Transfer-Encoding: chunked
Date: Fri, 04 Jun 2021 14:12:44 GMT
Keep-Alive: timeout=60
Connection: keep-alive

{
    "id": 1,
    "name": "신분당선",
    "color": "bg-red-600",
    "extraFare": 0,
    "stations": [
        {
            "id": 1,
            "name": "강남역"
        },
        {
            "id": 2,
            "name": "광교역"
        }
    ]
}
2021-06-04 23:12:45.276  INFO 48164 --- [    Test worker] o.s.s.concurrent.ThreadPoolTaskExecutor  : Shutting down ExecutorService 'applicationTaskExecutor'
2021-06-04 23:12:45.276  INFO 48164 --- [    Test worker] com.zaxxer.hikari.HikariDataSource       : HikariPool-52 - Shutdown initiated...
2021-06-04 23:12:45.277  INFO 48164 --- [    Test worker] com.zaxxer.hikari.HikariDataSource       : HikariPool-52 - Shutdown completed.

  .   ____          _            __ _ _
 /\\ / ___'_ __ _ _(_)_ __  __ _ \ \ \ \
( ( )\___ | '_ | '_| | '_ \/ _` | \ \ \ \
 \\/  ___)| |_)| | | | | || (_| |  ) ) ) )
  '  |____| .__|_| |_|_| |_\__, | / / / /
 =========|_|==============|___/=/_/_/_/
 :: Spring Boot ::                (v2.4.3)

2021-06-04 23:12:45.292  INFO 48164 --- [    Test worker] wooteco.subway.line.LineAcceptanceTest   : Starting LineAcceptanceTest using Java 14.0.1 on Hyeon9makui-MacBook-Pro.local with PID 48164 (started by hyeon9mak in /Users/hyeon9mak/Documents/GitHub/atdd-subway-fare)
2021-06-04 23:12:45.292  INFO 48164 --- [    Test worker] wooteco.subway.line.LineAcceptanceTest   : The following profiles are active: test
2021-06-04 23:12:45.397  INFO 48164 --- [    Test worker] trationDelegate$BeanPostProcessorChecker : Bean 'pl.allegro.tech.boot.autoconfigure.handlebars.HandlebarsHelpersAutoConfiguration' of type [pl.allegro.tech.boot.autoconfigure.handlebars.HandlebarsHelpersAutoConfiguration$$EnhancerBySpringCGLIB$$3bd2ee05] is not eligible for getting processed by all BeanPostProcessors (for example: not eligible for auto-proxying)
2021-06-04 23:12:45.409  INFO 48164 --- [    Test worker] trationDelegate$BeanPostProcessorChecker : Bean 'handlebars.resolver-pl.allegro.tech.boot.autoconfigure.handlebars.HandlebarsValueResolversProperties' of type [pl.allegro.tech.boot.autoconfigure.handlebars.HandlebarsValueResolversProperties] is not eligible for getting processed by all BeanPostProcessors (for example: not eligible for auto-proxying)
2021-06-04 23:12:45.410  INFO 48164 --- [    Test worker] trationDelegate$BeanPostProcessorChecker : Bean 'handlebars-pl.allegro.tech.boot.autoconfigure.handlebars.HandlebarsProperties' of type [pl.allegro.tech.boot.autoconfigure.handlebars.HandlebarsProperties] is not eligible for getting processed by all BeanPostProcessors (for example: not eligible for auto-proxying)
2021-06-04 23:12:45.410  INFO 48164 --- [    Test worker] trationDelegate$BeanPostProcessorChecker : Bean 'pl.allegro.tech.boot.autoconfigure.handlebars.HandlebarsAutoConfiguration$HandlebarsViewResolverConfiguration' of type [pl.allegro.tech.boot.autoconfigure.handlebars.HandlebarsAutoConfiguration$HandlebarsViewResolverConfiguration$$EnhancerBySpringCGLIB$$4eba18a3] is not eligible for getting processed by all BeanPostProcessors (for example: not eligible for auto-proxying)
2021-06-04 23:12:45.415  INFO 48164 --- [    Test worker] trationDelegate$BeanPostProcessorChecker : Bean 'handlebarsViewResolver' of type [com.github.jknack.handlebars.springmvc.HandlebarsViewResolver] is not eligible for getting processed by all BeanPostProcessors (for example: not eligible for auto-proxying)
2021-06-04 23:12:45.452  INFO 48164 --- [    Test worker] o.s.b.w.embedded.tomcat.TomcatWebServer  : Tomcat initialized with port(s): 0 (http)
2021-06-04 23:12:45.452  INFO 48164 --- [    Test worker] o.apache.catalina.core.StandardService   : Starting service [Tomcat]
2021-06-04 23:12:45.453  INFO 48164 --- [    Test worker] org.apache.catalina.core.StandardEngine  : Starting Servlet engine: [Apache Tomcat/9.0.43]
2021-06-04 23:12:45.463  INFO 48164 --- [    Test worker] o.a.c.c.C.[Tomcat].[localhost].[/]       : Initializing Spring embedded WebApplicationContext
2021-06-04 23:12:45.463  INFO 48164 --- [    Test worker] w.s.c.ServletWebServerApplicationContext : Root WebApplicationContext: initialization completed in 170 ms
2021-06-04 23:12:45.484  INFO 48164 --- [    Test worker] com.zaxxer.hikari.HikariDataSource       : HikariPool-53 - Starting...
2021-06-04 23:12:45.485  INFO 48164 --- [    Test worker] com.zaxxer.hikari.HikariDataSource       : HikariPool-53 - Start completed.
2021-06-04 23:12:45.487  INFO 48164 --- [    Test worker] o.s.b.a.h2.H2ConsoleAutoConfiguration    : H2 console available at '/h2-console'. Database available at 'jdbc:h2:mem:testdb'
2021-06-04 23:12:45.528  INFO 48164 --- [    Test worker] n.r.s.b.l.access.LogbackAccessContext    : Configured the Logback-access: context=[default], config=[classpath:logback-access.xml]
2021-06-04 23:12:45.611  INFO 48164 --- [    Test worker] o.s.s.concurrent.ThreadPoolTaskExecutor  : Initializing ExecutorService 'applicationTaskExecutor'
2021-06-04 23:12:45.631  INFO 48164 --- [    Test worker] o.s.b.a.w.s.WelcomePageHandlerMapping    : Adding welcome page template: index
2021-06-04 23:12:45.723  INFO 48164 --- [    Test worker] o.s.b.w.embedded.tomcat.TomcatWebServer  : Tomcat started on port(s): 58196 (http) with context path ''
2021-06-04 23:12:45.725  INFO 48164 --- [    Test worker] wooteco.subway.line.LineAcceptanceTest   : Started LineAcceptanceTest in 0.446 seconds (JVM running for 48.719)
Request method:	POST
Request URI:	http://localhost:58196/api/members
Proxy:			<none>
Request params:	<none>
Query params:	<none>
Form params:	<none>
Path params:	<none>
Headers:		Accept=*/*
				Content-Type=application/json; charset=UTF-8
Cookies:		<none>
Multiparts:		<none>
Body:
{
    "email": "email@email.com",
    "password": "password",
    "age": 10
}
2021-06-04 23:12:45.733  INFO 48164 --- [-auto-53-exec-1] o.a.c.c.C.[Tomcat].[localhost].[/]       : Initializing Spring DispatcherServlet 'dispatcherServlet'
2021-06-04 23:12:45.733  INFO 48164 --- [-auto-53-exec-1] o.s.web.servlet.DispatcherServlet        : Initializing Servlet 'dispatcherServlet'
2021-06-04 23:12:45.734  INFO 48164 --- [-auto-53-exec-1] o.s.web.servlet.DispatcherServlet        : Completed initialization in 1 ms

###### HTTP Request ######
POST /api/members HTTP/1.1
accept: */*
content-type: application/json; charset=UTF-8
content-length: 58
host: localhost:58196
connection: Keep-Alive
user-agent: Apache-HttpClient/4.5.13 (Java/14.0.1)
accept-encoding: gzip,deflate


###### HTTP Response ######
HTTP/1.1 201 Created
Keep-Alive: timeout=60
Connection: keep-alive
Vary: Origin
Content-Length: 0
Date: Fri, 04 Jun 2021 14:12:45 GMT
Location: /members/1




HTTP/1.1 201 
Vary: Origin
Vary: Access-Control-Request-Method
Vary: Access-Control-Request-Headers
Location: /members/1
Content-Length: 0
Date: Fri, 04 Jun 2021 14:12:45 GMT
Keep-Alive: timeout=60
Connection: keep-alive

###### HTTP Request ######
POST /api/login/token HTTP/1.1
accept: */*
content-type: application/json; charset=UTF-8
content-length: 49
host: localhost:58196
connection: Keep-Alive
user-agent: Apache-HttpClient/4.5.13 (Java/14.0.1)
accept-encoding: gzip,deflate


###### HTTP Response ######
HTTP/1.1 200 OK
Transfer-Encoding: chunked
Keep-Alive: timeout=60
Connection: keep-alive
Vary: Origin
Date: Fri, 04 Jun 2021 14:12:45 GMT
Content-Type: application/json




Request method:	POST
Request URI:	http://localhost:58196/api/stations
Proxy:			<none>
Request params:	<none>
Query params:	<none>
Form params:	<none>
Path params:	<none>
Headers:		Accept=*/*
				Content-Type=application/json; charset=UTF-8
Cookies:		<none>
Multiparts:		<none>
Body:
{
    "name": "강남역"
}

###### HTTP Request ######
POST /api/stations HTTP/1.1
authorization: Bearer eyJhbGciOiJIUzI1NiJ9.eyJzdWIiOiJlbWFpbEBlbWFpbC5jb20iLCJpYXQiOjE2MjI4MTU5NjUsImV4cCI6MTYyMjgxOTU2NX0.bUEqF8gGyPetJ4apeNoqHo-zvHa2Y4Ww-Hf7XQ9HFNs
accept: */*
content-type: application/json; charset=UTF-8
content-length: 20
host: localhost:58196
connection: Keep-Alive
user-agent: Apache-HttpClient/4.5.13 (Java/14.0.1)
accept-encoding: gzip,deflate


###### HTTP Response ######
HTTP/1.1 201 Created
Transfer-Encoding: chunked
Keep-Alive: timeout=60
Connection: keep-alive
Vary: Origin
Date: Fri, 04 Jun 2021 14:12:45 GMT
Location: /stations/1
Content-Type: application/json




HTTP/1.1 201 
Vary: Origin
Vary: Access-Control-Request-Method
Vary: Access-Control-Request-Headers
Location: /stations/1
Content-Type: application/json
Transfer-Encoding: chunked
Date: Fri, 04 Jun 2021 14:12:45 GMT
Keep-Alive: timeout=60
Connection: keep-alive

{
    "id": 1,
    "name": "강남역"
}

###### HTTP Request ######
POST /api/login/token HTTP/1.1
accept: */*
content-type: application/json; charset=UTF-8
content-length: 49
host: localhost:58196
connection: Keep-Alive
user-agent: Apache-HttpClient/4.5.13 (Java/14.0.1)
accept-encoding: gzip,deflate


###### HTTP Response ######
HTTP/1.1 200 OK
Transfer-Encoding: chunked
Keep-Alive: timeout=60
Connection: keep-alive
Vary: Origin
Date: Fri, 04 Jun 2021 14:12:45 GMT
Content-Type: application/json




Request method:	POST
Request URI:	http://localhost:58196/api/stations
Proxy:			<none>
Request params:	<none>
Query params:	<none>
Form params:	<none>
Path params:	<none>
Headers:		Accept=*/*
				Content-Type=application/json; charset=UTF-8
Cookies:		<none>
Multiparts:		<none>
Body:
{
    "name": "광교역"
}

###### HTTP Request ######
POST /api/stations HTTP/1.1
authorization: Bearer eyJhbGciOiJIUzI1NiJ9.eyJzdWIiOiJlbWFpbEBlbWFpbC5jb20iLCJpYXQiOjE2MjI4MTU5NjUsImV4cCI6MTYyMjgxOTU2NX0.bUEqF8gGyPetJ4apeNoqHo-zvHa2Y4Ww-Hf7XQ9HFNs
accept: */*
content-type: application/json; charset=UTF-8
content-length: 20
host: localhost:58196
connection: Keep-Alive
user-agent: Apache-HttpClient/4.5.13 (Java/14.0.1)
accept-encoding: gzip,deflate


###### HTTP Response ######
HTTP/1.1 201 Created
Transfer-Encoding: chunked
Keep-Alive: timeout=60
Connection: keep-alive
Vary: Origin
Date: Fri, 04 Jun 2021 14:12:45 GMT
Location: /stations/2
Content-Type: application/json




HTTP/1.1 201 
Vary: Origin
Vary: Access-Control-Request-Method
Vary: Access-Control-Request-Headers
Location: /stations/2
Content-Type: application/json
Transfer-Encoding: chunked
Date: Fri, 04 Jun 2021 14:12:45 GMT
Keep-Alive: timeout=60
Connection: keep-alive

{
    "id": 2,
    "name": "광교역"
}

###### HTTP Request ######
POST /api/login/token HTTP/1.1
accept: */*
content-type: application/json; charset=UTF-8
content-length: 49
host: localhost:58196
connection: Keep-Alive
user-agent: Apache-HttpClient/4.5.13 (Java/14.0.1)
accept-encoding: gzip,deflate


###### HTTP Response ######
HTTP/1.1 200 OK
Transfer-Encoding: chunked
Keep-Alive: timeout=60
Connection: keep-alive
Vary: Origin
Date: Fri, 04 Jun 2021 14:12:45 GMT
Content-Type: application/json




Request method:	POST
Request URI:	http://localhost:58196/api/stations
Proxy:			<none>
Request params:	<none>
Query params:	<none>
Form params:	<none>
Path params:	<none>
Headers:		Accept=*/*
				Content-Type=application/json; charset=UTF-8
Cookies:		<none>
Multiparts:		<none>
Body:
{
    "name": "상봉역"
}

###### HTTP Request ######
POST /api/stations HTTP/1.1
authorization: Bearer eyJhbGciOiJIUzI1NiJ9.eyJzdWIiOiJlbWFpbEBlbWFpbC5jb20iLCJpYXQiOjE2MjI4MTU5NjUsImV4cCI6MTYyMjgxOTU2NX0.bUEqF8gGyPetJ4apeNoqHo-zvHa2Y4Ww-Hf7XQ9HFNs
accept: */*
content-type: application/json; charset=UTF-8
content-length: 20
host: localhost:58196
connection: Keep-Alive
user-agent: Apache-HttpClient/4.5.13 (Java/14.0.1)
accept-encoding: gzip,deflate


###### HTTP Response ######
HTTP/1.1 201 Created
Transfer-Encoding: chunked
Keep-Alive: timeout=60
Connection: keep-alive
Vary: Origin
Date: Fri, 04 Jun 2021 14:12:45 GMT
Location: /stations/3
Content-Type: application/json




HTTP/1.1 201 
Vary: Origin
Vary: Access-Control-Request-Method
Vary: Access-Control-Request-Headers
Location: /stations/3
Content-Type: application/json
Transfer-Encoding: chunked
Date: Fri, 04 Jun 2021 14:12:45 GMT
Keep-Alive: timeout=60
Connection: keep-alive

{
    "id": 3,
    "name": "상봉역"
}

###### HTTP Request ######
POST /api/login/token HTTP/1.1
accept: */*
content-type: application/json; charset=UTF-8
content-length: 49
host: localhost:58196
connection: Keep-Alive
user-agent: Apache-HttpClient/4.5.13 (Java/14.0.1)
accept-encoding: gzip,deflate


###### HTTP Response ######
HTTP/1.1 200 OK
Transfer-Encoding: chunked
Keep-Alive: timeout=60
Connection: keep-alive
Vary: Origin
Date: Fri, 04 Jun 2021 14:12:45 GMT
Content-Type: application/json




Request method:	POST
Request URI:	http://localhost:58196/api/stations
Proxy:			<none>
Request params:	<none>
Query params:	<none>
Form params:	<none>
Path params:	<none>
Headers:		Accept=*/*
				Content-Type=application/json; charset=UTF-8
Cookies:		<none>
Multiparts:		<none>
Body:
{
    "name": "면목역"
}

###### HTTP Request ######
POST /api/stations HTTP/1.1
authorization: Bearer eyJhbGciOiJIUzI1NiJ9.eyJzdWIiOiJlbWFpbEBlbWFpbC5jb20iLCJpYXQiOjE2MjI4MTU5NjUsImV4cCI6MTYyMjgxOTU2NX0.bUEqF8gGyPetJ4apeNoqHo-zvHa2Y4Ww-Hf7XQ9HFNs
accept: */*
content-type: application/json; charset=UTF-8
content-length: 20
host: localhost:58196
connection: Keep-Alive
user-agent: Apache-HttpClient/4.5.13 (Java/14.0.1)
accept-encoding: gzip,deflate


###### HTTP Response ######
HTTP/1.1 201 Created
Transfer-Encoding: chunked
Keep-Alive: timeout=60
Connection: keep-alive
Vary: Origin
Date: Fri, 04 Jun 2021 14:12:45 GMT
Location: /stations/4
Content-Type: application/json




HTTP/1.1 201 
Vary: Origin
Vary: Access-Control-Request-Method
Vary: Access-Control-Request-Headers
Location: /stations/4
Content-Type: application/json
Transfer-Encoding: chunked
Date: Fri, 04 Jun 2021 14:12:45 GMT
Keep-Alive: timeout=60
Connection: keep-alive

{
    "id": 4,
    "name": "면목역"
}

###### HTTP Request ######
POST /api/login/token HTTP/1.1
accept: */*
content-type: application/json; charset=UTF-8
content-length: 49
host: localhost:58196
connection: Keep-Alive
user-agent: Apache-HttpClient/4.5.13 (Java/14.0.1)
accept-encoding: gzip,deflate


###### HTTP Response ######
HTTP/1.1 200 OK
Transfer-Encoding: chunked
Keep-Alive: timeout=60
Connection: keep-alive
Vary: Origin
Date: Fri, 04 Jun 2021 14:12:45 GMT
Content-Type: application/json




Request method:	POST
Request URI:	http://localhost:58196/api/stations
Proxy:			<none>
Request params:	<none>
Query params:	<none>
Form params:	<none>
Path params:	<none>
Headers:		Accept=*/*
				Content-Type=application/json; charset=UTF-8
Cookies:		<none>
Multiparts:		<none>
Body:
{
    "name": "용마산역"
}

###### HTTP Request ######
POST /api/stations HTTP/1.1
authorization: Bearer eyJhbGciOiJIUzI1NiJ9.eyJzdWIiOiJlbWFpbEBlbWFpbC5jb20iLCJpYXQiOjE2MjI4MTU5NjUsImV4cCI6MTYyMjgxOTU2NX0.bUEqF8gGyPetJ4apeNoqHo-zvHa2Y4Ww-Hf7XQ9HFNs
accept: */*
content-type: application/json; charset=UTF-8
content-length: 23
host: localhost:58196
connection: Keep-Alive
user-agent: Apache-HttpClient/4.5.13 (Java/14.0.1)
accept-encoding: gzip,deflate


###### HTTP Response ######
HTTP/1.1 201 Created
Transfer-Encoding: chunked
Keep-Alive: timeout=60
Connection: keep-alive
Vary: Origin
Date: Fri, 04 Jun 2021 14:12:45 GMT
Location: /stations/5
Content-Type: application/json




HTTP/1.1 201 
Vary: Origin
Vary: Access-Control-Request-Method
Vary: Access-Control-Request-Headers
Location: /stations/5
Content-Type: application/json
Transfer-Encoding: chunked
Date: Fri, 04 Jun 2021 14:12:45 GMT
Keep-Alive: timeout=60
Connection: keep-alive

{
    "id": 5,
    "name": "용마산역"
}

###### HTTP Request ######
POST /api/login/token HTTP/1.1
accept: */*
content-type: application/json; charset=UTF-8
content-length: 49
host: localhost:58196
connection: Keep-Alive
user-agent: Apache-HttpClient/4.5.13 (Java/14.0.1)
accept-encoding: gzip,deflate


###### HTTP Response ######
HTTP/1.1 200 OK
Transfer-Encoding: chunked
Keep-Alive: timeout=60
Connection: keep-alive
Vary: Origin
Date: Fri, 04 Jun 2021 14:12:45 GMT
Content-Type: application/json




Request method:	POST
Request URI:	http://localhost:58196/api/lines
Proxy:			<none>
Request params:	<none>
Query params:	<none>
Form params:	<none>
Path params:	<none>
Headers:		Accept=*/*
				Content-Type=application/json; charset=UTF-8
Cookies:		<none>
Multiparts:		<none>
Body:
{
    "name": "신분당선",
    "color": "bg-red-600",
    "upStationId": 1,
    "downStationId": 2,
    "distance": 10,
    "extraFare": 0
}

###### HTTP Request ######
POST /api/lines HTTP/1.1
authorization: Bearer eyJhbGciOiJIUzI1NiJ9.eyJzdWIiOiJlbWFpbEBlbWFpbC5jb20iLCJpYXQiOjE2MjI4MTU5NjUsImV4cCI6MTYyMjgxOTU2NX0.bUEqF8gGyPetJ4apeNoqHo-zvHa2Y4Ww-Hf7XQ9HFNs
accept: */*
content-type: application/json; charset=UTF-8
content-length: 106
host: localhost:58196
connection: Keep-Alive
user-agent: Apache-HttpClient/4.5.13 (Java/14.0.1)
accept-encoding: gzip,deflate


###### HTTP Response ######
HTTP/1.1 201 Created
Transfer-Encoding: chunked
Keep-Alive: timeout=60
Connection: keep-alive
Vary: Origin
Date: Fri, 04 Jun 2021 14:12:45 GMT
Location: /lines/1
Content-Type: application/json




HTTP/1.1 201 
Vary: Origin
Vary: Access-Control-Request-Method
Vary: Access-Control-Request-Headers
Location: /lines/1
Content-Type: application/json
Transfer-Encoding: chunked
Date: Fri, 04 Jun 2021 14:12:45 GMT
Keep-Alive: timeout=60
Connection: keep-alive

{
    "id": 1,
    "name": "신분당선",
    "color": "bg-red-600",
    "extraFare": 0,
    "stations": [
        {
            "id": 1,
            "name": "강남역"
        },
        {
            "id": 2,
            "name": "광교역"
        }
    ]
}

###### HTTP Request ######
POST /api/login/token HTTP/1.1
accept: */*
content-type: application/json; charset=UTF-8
content-length: 49
host: localhost:58196
connection: Keep-Alive
user-agent: Apache-HttpClient/4.5.13 (Java/14.0.1)
accept-encoding: gzip,deflate


###### HTTP Response ######
HTTP/1.1 200 OK
Transfer-Encoding: chunked
Keep-Alive: timeout=60
Connection: keep-alive
Vary: Origin
Date: Fri, 04 Jun 2021 14:12:45 GMT
Content-Type: application/json




Request method:	DELETE
Request URI:	http://localhost:58196/api/lines/1
Proxy:			<none>
Request params:	<none>
Query params:	<none>
Form params:	<none>
Path params:	<none>
Headers:		Accept=*/*
Cookies:		<none>
Multiparts:		<none>
Body:			<none>

###### HTTP Request ######
DELETE /api/lines/1 HTTP/1.1
authorization: Bearer eyJhbGciOiJIUzI1NiJ9.eyJzdWIiOiJlbWFpbEBlbWFpbC5jb20iLCJpYXQiOjE2MjI4MTU5NjUsImV4cCI6MTYyMjgxOTU2NX0.bUEqF8gGyPetJ4apeNoqHo-zvHa2Y4Ww-Hf7XQ9HFNs
accept: */*
host: localhost:58196
connection: Keep-Alive
user-agent: Apache-HttpClient/4.5.13 (Java/14.0.1)
accept-encoding: gzip,deflate


###### HTTP Response ######
HTTP/1.1 204 No Content
Keep-Alive: timeout=60
Connection: keep-alive
Vary: Origin
Date: Fri, 04 Jun 2021 14:12:45 GMT




HTTP/1.1 204 
Vary: Origin
Vary: Access-Control-Request-Method
Vary: Access-Control-Request-Headers
Date: Fri, 04 Jun 2021 14:12:45 GMT
Keep-Alive: timeout=60
Connection: keep-alive
]]></system-out>
  <system-err><![CDATA[]]></system-err>
</testsuite>
